2018-08-28 13:41:09,408 [4] DEBUG Dotnet.Utils.Filter.ModelStateValidationFilter [(null)] - Method: 'Void OnActionExecuting(ActionExecutingContext)'. Line: ~26. ModelStateValidation OnActionExecuting start...
2018-08-28 13:41:09,446 [4] DEBUG Dotnet.Utils.Filter.ModelStateValidationFilter [(null)] - Method: 'Void OnActionExecuting(ActionExecutingContext)'. Line: ~61. ModelStateValidation OnActionExecuting finish...
2018-08-28 13:41:09,859 [13] INFO  WebOptimizer.AssetMiddleware [(null)] - Request started for '/css/frontendBundle.css'
2018-08-28 13:41:09,859 [14] INFO  WebOptimizer.AssetMiddleware [(null)] - Request started for '/js/frontendBundle.js'
2018-08-28 13:41:10,282 [14] INFO  WebOptimizer.AssetBuilder [(null)] - Generated output and responded to request for '/css/frontendBundle.css'
2018-08-28 13:41:10,701 [4] INFO  WebOptimizer.AssetBuilder [(null)] - Generated output and responded to request for '/js/frontendBundle.js'
2018-08-28 13:45:36,830 [35] DEBUG Dotnet.Utils.Filter.ModelStateValidationFilter [(null)] - Method: 'Void OnActionExecuting(ActionExecutingContext)'. Line: ~26. ModelStateValidation OnActionExecuting start...
2018-08-28 13:45:36,830 [35] DEBUG Dotnet.Utils.Filter.ModelStateValidationFilter [(null)] - Method: 'Void OnActionExecuting(ActionExecutingContext)'. Line: ~61. ModelStateValidation OnActionExecuting finish...
2018-08-28 13:45:38,325 [35] INFO  WebOptimizer.AssetMiddleware [(null)] - Request started for '/css/frontendBundle.css'
2018-08-28 13:45:38,327 [35] INFO  WebOptimizer.AssetBuilder [(null)] - Responding from memory cache for '/css/frontendBundle.css'
2018-08-28 13:45:38,330 [35] INFO  WebOptimizer.AssetMiddleware [(null)] - Request started for '/js/frontendBundle.js'
2018-08-28 13:45:38,332 [35] INFO  WebOptimizer.AssetBuilder [(null)] - Responding from memory cache for '/js/frontendBundle.js'
2018-08-28 13:46:46,967 [45] DEBUG Dotnet.Utils.Filter.ModelStateValidationFilter [(null)] - Method: 'Void OnActionExecuting(ActionExecutingContext)'. Line: ~26. ModelStateValidation OnActionExecuting start...
2018-08-28 13:46:46,968 [45] DEBUG Dotnet.Utils.Filter.ModelStateValidationFilter [(null)] - Method: 'Void OnActionExecuting(ActionExecutingContext)'. Line: ~61. ModelStateValidation OnActionExecuting finish...
2018-08-28 13:46:47,037 [45] INFO  WebOptimizer.AssetMiddleware [(null)] - Request started for '/css/frontendBundle.css'
2018-08-28 13:46:47,039 [45] INFO  WebOptimizer.AssetBuilder [(null)] - Responding from memory cache for '/css/frontendBundle.css'
2018-08-28 13:46:47,039 [41] INFO  WebOptimizer.AssetMiddleware [(null)] - Request started for '/js/frontendBundle.js'
2018-08-28 13:46:47,202 [43] INFO  WebOptimizer.AssetBuilder [(null)] - Generated output and responded to request for '/js/frontendBundle.js'
2018-08-28 13:47:52,593 [42] DEBUG Dotnet.Utils.Filter.ModelStateValidationFilter [(null)] - Method: 'Void OnActionExecuting(ActionExecutingContext)'. Line: ~26. ModelStateValidation OnActionExecuting start...
2018-08-28 13:47:52,593 [42] DEBUG Dotnet.Utils.Filter.ModelStateValidationFilter [(null)] - Method: 'Void OnActionExecuting(ActionExecutingContext)'. Line: ~61. ModelStateValidation OnActionExecuting finish...
2018-08-28 13:47:52,653 [42] INFO  WebOptimizer.AssetMiddleware [(null)] - Request started for '/css/frontendBundle.css'
2018-08-28 13:47:52,653 [23] INFO  WebOptimizer.AssetMiddleware [(null)] - Request started for '/js/frontendBundle.js'
2018-08-28 13:47:52,653 [42] INFO  WebOptimizer.AssetBuilder [(null)] - Responding from memory cache for '/css/frontendBundle.css'
2018-08-28 13:47:52,654 [23] INFO  WebOptimizer.AssetBuilder [(null)] - Responding from memory cache for '/js/frontendBundle.js'
2018-08-28 13:48:27,683 [22] DEBUG Dotnet.Utils.Filter.ModelStateValidationFilter [(null)] - Method: 'Void OnActionExecuting(ActionExecutingContext)'. Line: ~26. ModelStateValidation OnActionExecuting start...
2018-08-28 13:48:27,684 [22] DEBUG Dotnet.Utils.Filter.ModelStateValidationFilter [(null)] - Method: 'Void OnActionExecuting(ActionExecutingContext)'. Line: ~61. ModelStateValidation OnActionExecuting finish...
2018-08-28 13:48:27,716 [20] INFO  WebOptimizer.AssetMiddleware [(null)] - Request started for '/css/frontendBundle.css'
2018-08-28 13:48:27,716 [20] INFO  WebOptimizer.AssetBuilder [(null)] - Responding from memory cache for '/css/frontendBundle.css'
2018-08-28 13:48:27,718 [22] INFO  WebOptimizer.AssetMiddleware [(null)] - Request started for '/js/frontendBundle.js'
2018-08-28 13:48:27,888 [28] INFO  WebOptimizer.AssetBuilder [(null)] - Generated output and responded to request for '/js/frontendBundle.js'
2018-08-28 13:48:34,602 [29] DEBUG Dotnet.Utils.Filter.ModelStateValidationFilter [(null)] - Method: 'Void OnActionExecuting(ActionExecutingContext)'. Line: ~26. ModelStateValidation OnActionExecuting start...
2018-08-28 13:48:34,602 [29] DEBUG Dotnet.Utils.Filter.ModelStateValidationFilter [(null)] - Method: 'Void OnActionExecuting(ActionExecutingContext)'. Line: ~61. ModelStateValidation OnActionExecuting finish...
2018-08-28 13:48:34,635 [28] INFO  WebOptimizer.AssetMiddleware [(null)] - Request started for '/css/frontendBundle.css'
2018-08-28 13:48:34,636 [28] INFO  WebOptimizer.AssetBuilder [(null)] - Responding from memory cache for '/css/frontendBundle.css'
2018-08-28 13:48:34,641 [29] INFO  WebOptimizer.AssetMiddleware [(null)] - Request started for '/js/frontendBundle.js'
2018-08-28 13:48:34,642 [29] INFO  WebOptimizer.AssetBuilder [(null)] - Responding from memory cache for '/js/frontendBundle.js'
2018-08-28 13:59:17,248 [47] DEBUG Dotnet.Utils.Filter.ModelStateValidationFilter [(null)] - Method: 'Void OnActionExecuting(ActionExecutingContext)'. Line: ~26. ModelStateValidation OnActionExecuting start...
2018-08-28 13:59:17,249 [47] DEBUG Dotnet.Utils.Filter.ModelStateValidationFilter [(null)] - Method: 'Void OnActionExecuting(ActionExecutingContext)'. Line: ~61. ModelStateValidation OnActionExecuting finish...
2018-08-28 13:59:17,554 [48] INFO  WebOptimizer.AssetMiddleware [(null)] - Request started for '/css/frontendBundle.css'
2018-08-28 13:59:17,554 [47] INFO  WebOptimizer.AssetMiddleware [(null)] - Request started for '/js/frontendBundle.js'
2018-08-28 13:59:17,554 [48] INFO  WebOptimizer.AssetBuilder [(null)] - Responding from memory cache for '/css/frontendBundle.css'
2018-08-28 13:59:17,555 [47] INFO  WebOptimizer.AssetBuilder [(null)] - Responding from memory cache for '/js/frontendBundle.js'
2018-08-28 13:59:58,787 [48] DEBUG Dotnet.Utils.Filter.ModelStateValidationFilter [(null)] - Method: 'Void OnActionExecuting(ActionExecutingContext)'. Line: ~26. ModelStateValidation OnActionExecuting start...
2018-08-28 13:59:58,790 [48] DEBUG Dotnet.Utils.Filter.ModelStateValidationFilter [(null)] - Method: 'Void OnActionExecuting(ActionExecutingContext)'. Line: ~61. ModelStateValidation OnActionExecuting finish...
2018-08-28 13:59:58,996 [13] INFO  WebOptimizer.AssetMiddleware [(null)] - Request started for '/css/frontendBundle.css'
2018-08-28 13:59:58,996 [48] INFO  WebOptimizer.AssetMiddleware [(null)] - Request started for '/js/frontendBundle.js'
2018-08-28 13:59:58,997 [13] INFO  WebOptimizer.AssetBuilder [(null)] - Responding from memory cache for '/css/frontendBundle.css'
2018-08-28 13:59:59,195 [47] INFO  WebOptimizer.AssetBuilder [(null)] - Generated output and responded to request for '/js/frontendBundle.js'
2018-08-28 14:00:24,308 [19] DEBUG Dotnet.Utils.Filter.ModelStateValidationFilter [(null)] - Method: 'Void OnActionExecuting(ActionExecutingContext)'. Line: ~26. ModelStateValidation OnActionExecuting start...
2018-08-28 14:00:24,308 [19] DEBUG Dotnet.Utils.Filter.ModelStateValidationFilter [(null)] - Method: 'Void OnActionExecuting(ActionExecutingContext)'. Line: ~61. ModelStateValidation OnActionExecuting finish...
2018-08-28 14:00:24,344 [17] INFO  WebOptimizer.AssetMiddleware [(null)] - Request started for '/css/frontendBundle.css'
2018-08-28 14:00:24,345 [48] INFO  WebOptimizer.AssetMiddleware [(null)] - Request started for '/js/frontendBundle.js'
2018-08-28 14:00:24,345 [17] INFO  WebOptimizer.AssetBuilder [(null)] - Responding from memory cache for '/css/frontendBundle.css'
2018-08-28 14:00:24,511 [36] INFO  WebOptimizer.AssetBuilder [(null)] - Generated output and responded to request for '/js/frontendBundle.js'
2018-08-28 14:00:36,895 [31] DEBUG Dotnet.Utils.Filter.ModelStateValidationFilter [(null)] - Method: 'Void OnActionExecuting(ActionExecutingContext)'. Line: ~26. ModelStateValidation OnActionExecuting start...
2018-08-28 14:00:36,896 [31] DEBUG Dotnet.Utils.Filter.ModelStateValidationFilter [(null)] - Method: 'Void OnActionExecuting(ActionExecutingContext)'. Line: ~61. ModelStateValidation OnActionExecuting finish...
2018-08-28 14:00:36,959 [36] INFO  WebOptimizer.AssetMiddleware [(null)] - Request started for '/css/frontendBundle.css'
2018-08-28 14:00:36,959 [31] INFO  WebOptimizer.AssetMiddleware [(null)] - Request started for '/js/frontendBundle.js'
2018-08-28 14:00:36,960 [36] INFO  WebOptimizer.AssetBuilder [(null)] - Responding from memory cache for '/css/frontendBundle.css'
2018-08-28 14:00:37,179 [39] INFO  WebOptimizer.AssetBuilder [(null)] - Generated output and responded to request for '/js/frontendBundle.js'
2018-08-28 14:00:51,723 [36] DEBUG Dotnet.Utils.Filter.ModelStateValidationFilter [(null)] - Method: 'Void OnActionExecuting(ActionExecutingContext)'. Line: ~26. ModelStateValidation OnActionExecuting start...
2018-08-28 14:00:51,723 [36] DEBUG Dotnet.Utils.Filter.ModelStateValidationFilter [(null)] - Method: 'Void OnActionExecuting(ActionExecutingContext)'. Line: ~61. ModelStateValidation OnActionExecuting finish...
2018-08-28 14:00:51,792 [48] INFO  WebOptimizer.AssetMiddleware [(null)] - Request started for '/js/frontendBundle.js'
2018-08-28 14:00:51,793 [48] INFO  WebOptimizer.AssetBuilder [(null)] - Responding from memory cache for '/js/frontendBundle.js'
2018-08-28 14:00:51,804 [43] INFO  WebOptimizer.AssetMiddleware [(null)] - Request started for '/css/frontendBundle.css'
2018-08-28 14:00:51,805 [43] INFO  WebOptimizer.AssetBuilder [(null)] - Responding from memory cache for '/css/frontendBundle.css'
2018-08-28 14:01:29,340 [48] DEBUG Dotnet.Utils.Filter.ModelStateValidationFilter [(null)] - Method: 'Void OnActionExecuting(ActionExecutingContext)'. Line: ~26. ModelStateValidation OnActionExecuting start...
2018-08-28 14:01:29,340 [48] DEBUG Dotnet.Utils.Filter.ModelStateValidationFilter [(null)] - Method: 'Void OnActionExecuting(ActionExecutingContext)'. Line: ~61. ModelStateValidation OnActionExecuting finish...
2018-08-28 14:01:29,389 [34] INFO  WebOptimizer.AssetMiddleware [(null)] - Request started for '/css/frontendBundle.css'
2018-08-28 14:01:29,389 [48] INFO  WebOptimizer.AssetMiddleware [(null)] - Request started for '/js/frontendBundle.js'
2018-08-28 14:01:29,390 [34] INFO  WebOptimizer.AssetBuilder [(null)] - Responding from memory cache for '/css/frontendBundle.css'
2018-08-28 14:01:29,390 [48] INFO  WebOptimizer.AssetBuilder [(null)] - Responding from memory cache for '/js/frontendBundle.js'
2018-08-28 14:02:29,672 [43] DEBUG Dotnet.Utils.Filter.ModelStateValidationFilter [(null)] - Method: 'Void OnActionExecuting(ActionExecutingContext)'. Line: ~26. ModelStateValidation OnActionExecuting start...
2018-08-28 14:02:29,673 [43] DEBUG Dotnet.Utils.Filter.ModelStateValidationFilter [(null)] - Method: 'Void OnActionExecuting(ActionExecutingContext)'. Line: ~61. ModelStateValidation OnActionExecuting finish...
2018-08-28 14:02:29,743 [43] INFO  WebOptimizer.AssetMiddleware [(null)] - Request started for '/css/frontendBundle.css'
2018-08-28 14:02:29,743 [46] INFO  WebOptimizer.AssetMiddleware [(null)] - Request started for '/js/frontendBundle.js'
2018-08-28 14:02:29,744 [43] INFO  WebOptimizer.AssetBuilder [(null)] - Responding from memory cache for '/css/frontendBundle.css'
2018-08-28 14:02:29,744 [46] INFO  WebOptimizer.AssetBuilder [(null)] - Responding from memory cache for '/js/frontendBundle.js'
2018-08-28 14:03:07,917 [21] DEBUG Dotnet.Utils.Filter.ModelStateValidationFilter [(null)] - Method: 'Void OnActionExecuting(ActionExecutingContext)'. Line: ~26. ModelStateValidation OnActionExecuting start...
2018-08-28 14:03:07,918 [21] DEBUG Dotnet.Utils.Filter.ModelStateValidationFilter [(null)] - Method: 'Void OnActionExecuting(ActionExecutingContext)'. Line: ~61. ModelStateValidation OnActionExecuting finish...
2018-08-28 14:03:07,974 [38] INFO  WebOptimizer.AssetMiddleware [(null)] - Request started for '/css/frontendBundle.css'
2018-08-28 14:03:07,974 [29] INFO  WebOptimizer.AssetMiddleware [(null)] - Request started for '/js/frontendBundle.js'
2018-08-28 14:03:07,975 [29] INFO  WebOptimizer.AssetBuilder [(null)] - Responding from memory cache for '/js/frontendBundle.js'
2018-08-28 14:03:08,021 [23] INFO  WebOptimizer.AssetBuilder [(null)] - Generated output and responded to request for '/css/frontendBundle.css'
2018-08-28 14:03:17,186 [21] DEBUG Dotnet.Utils.Filter.ModelStateValidationFilter [(null)] - Method: 'Void OnActionExecuting(ActionExecutingContext)'. Line: ~26. ModelStateValidation OnActionExecuting start...
2018-08-28 14:03:17,186 [21] DEBUG Dotnet.Utils.Filter.ModelStateValidationFilter [(null)] - Method: 'Void OnActionExecuting(ActionExecutingContext)'. Line: ~61. ModelStateValidation OnActionExecuting finish...
2018-08-28 14:03:17,240 [21] INFO  WebOptimizer.AssetMiddleware [(null)] - Request started for '/css/frontendBundle.css'
2018-08-28 14:03:17,240 [29] INFO  WebOptimizer.AssetMiddleware [(null)] - Request started for '/js/frontendBundle.js'
2018-08-28 14:03:17,241 [21] INFO  WebOptimizer.AssetBuilder [(null)] - Responding from memory cache for '/css/frontendBundle.css'
2018-08-28 14:03:17,242 [29] INFO  WebOptimizer.AssetBuilder [(null)] - Responding from memory cache for '/js/frontendBundle.js'
2018-08-28 14:03:42,316 [25] DEBUG Dotnet.Utils.Filter.ModelStateValidationFilter [(null)] - Method: 'Void OnActionExecuting(ActionExecutingContext)'. Line: ~26. ModelStateValidation OnActionExecuting start...
2018-08-28 14:03:42,316 [25] DEBUG Dotnet.Utils.Filter.ModelStateValidationFilter [(null)] - Method: 'Void OnActionExecuting(ActionExecutingContext)'. Line: ~61. ModelStateValidation OnActionExecuting finish...
2018-08-28 14:03:42,385 [26] INFO  WebOptimizer.AssetMiddleware [(null)] - Request started for '/css/frontendBundle.css'
2018-08-28 14:03:42,386 [26] INFO  WebOptimizer.AssetBuilder [(null)] - Responding from memory cache for '/css/frontendBundle.css'
2018-08-28 14:03:42,385 [30] INFO  WebOptimizer.AssetMiddleware [(null)] - Request started for '/js/frontendBundle.js'
2018-08-28 14:03:42,534 [25] INFO  WebOptimizer.AssetBuilder [(null)] - Generated output and responded to request for '/js/frontendBundle.js'
2018-08-28 14:04:30,669 [13] DEBUG Dotnet.Utils.Filter.ModelStateValidationFilter [(null)] - Method: 'Void OnActionExecuting(ActionExecutingContext)'. Line: ~26. ModelStateValidation OnActionExecuting start...
2018-08-28 14:04:30,670 [13] DEBUG Dotnet.Utils.Filter.ModelStateValidationFilter [(null)] - Method: 'Void OnActionExecuting(ActionExecutingContext)'. Line: ~61. ModelStateValidation OnActionExecuting finish...
2018-08-28 14:04:30,950 [32] INFO  WebOptimizer.AssetMiddleware [(null)] - Request started for '/css/frontendBundle.css'
2018-08-28 14:04:30,950 [13] INFO  WebOptimizer.AssetMiddleware [(null)] - Request started for '/js/frontendBundle.js'
2018-08-28 14:04:30,950 [32] INFO  WebOptimizer.AssetBuilder [(null)] - Responding from memory cache for '/css/frontendBundle.css'
2018-08-28 14:04:31,096 [26] INFO  WebOptimizer.AssetBuilder [(null)] - Generated output and responded to request for '/js/frontendBundle.js'
2018-08-28 14:05:23,193 [29] DEBUG Dotnet.Utils.Filter.ModelStateValidationFilter [(null)] - Method: 'Void OnActionExecuting(ActionExecutingContext)'. Line: ~26. ModelStateValidation OnActionExecuting start...
2018-08-28 14:05:23,194 [29] DEBUG Dotnet.Utils.Filter.ModelStateValidationFilter [(null)] - Method: 'Void OnActionExecuting(ActionExecutingContext)'. Line: ~61. ModelStateValidation OnActionExecuting finish...
2018-08-28 14:05:23,402 [24] INFO  WebOptimizer.AssetMiddleware [(null)] - Request started for '/css/frontendBundle.css'
2018-08-28 14:05:23,402 [29] INFO  WebOptimizer.AssetMiddleware [(null)] - Request started for '/js/frontendBundle.js'
2018-08-28 14:05:23,403 [24] INFO  WebOptimizer.AssetBuilder [(null)] - Responding from memory cache for '/css/frontendBundle.css'
2018-08-28 14:05:23,404 [29] INFO  WebOptimizer.AssetBuilder [(null)] - Responding from memory cache for '/js/frontendBundle.js'
2018-08-28 14:05:59,004 [18] DEBUG Dotnet.Utils.Filter.ModelStateValidationFilter [(null)] - Method: 'Void OnActionExecuting(ActionExecutingContext)'. Line: ~26. ModelStateValidation OnActionExecuting start...
2018-08-28 14:05:59,005 [18] DEBUG Dotnet.Utils.Filter.ModelStateValidationFilter [(null)] - Method: 'Void OnActionExecuting(ActionExecutingContext)'. Line: ~61. ModelStateValidation OnActionExecuting finish...
2018-08-28 14:05:59,247 [36] INFO  WebOptimizer.AssetMiddleware [(null)] - Request started for '/css/frontendBundle.css'
2018-08-28 14:05:59,247 [36] INFO  WebOptimizer.AssetBuilder [(null)] - Responding from memory cache for '/css/frontendBundle.css'
2018-08-28 14:05:59,250 [18] INFO  WebOptimizer.AssetMiddleware [(null)] - Request started for '/js/frontendBundle.js'
2018-08-28 14:05:59,252 [18] INFO  WebOptimizer.AssetBuilder [(null)] - Responding from memory cache for '/js/frontendBundle.js'
2018-08-28 14:06:01,562 [36] DEBUG Dotnet.Utils.Filter.ModelStateValidationFilter [(null)] - Method: 'Void OnActionExecuting(ActionExecutingContext)'. Line: ~26. ModelStateValidation OnActionExecuting start...
2018-08-28 14:06:01,562 [36] DEBUG Dotnet.Utils.Filter.ModelStateValidationFilter [(null)] - Method: 'Void OnActionExecuting(ActionExecutingContext)'. Line: ~61. ModelStateValidation OnActionExecuting finish...
2018-08-28 14:06:01,674 [36] INFO  WebOptimizer.AssetMiddleware [(null)] - Request started for '/css/loginBundle.css'
2018-08-28 14:06:01,683 [22] INFO  WebOptimizer.AssetMiddleware [(null)] - Request started for '/js/loginBundle.js'
2018-08-28 14:06:01,773 [22] INFO  WebOptimizer.AssetBuilder [(null)] - Generated output and responded to request for '/css/loginBundle.css'
2018-08-28 14:06:01,862 [18] INFO  WebOptimizer.AssetBuilder [(null)] - Generated output and responded to request for '/js/loginBundle.js'
2018-08-28 14:06:23,017 [3] DEBUG Dotnet.Utils.Filter.ModelStateValidationFilter [(null)] - Method: 'Void OnActionExecuting(ActionExecutingContext)'. Line: ~26. ModelStateValidation OnActionExecuting start...
2018-08-28 14:06:23,017 [3] DEBUG Dotnet.Utils.Filter.ModelStateValidationFilter [(null)] - Method: 'Void OnActionExecuting(ActionExecutingContext)'. Line: ~61. ModelStateValidation OnActionExecuting finish...
2018-08-28 14:06:23,096 [29] INFO  WebOptimizer.AssetMiddleware [(null)] - Request started for '/css/loginBundle.css'
2018-08-28 14:06:23,099 [20] INFO  WebOptimizer.AssetMiddleware [(null)] - Request started for '/js/loginBundle.js'
2018-08-28 14:06:23,099 [29] INFO  WebOptimizer.AssetBuilder [(null)] - Responding from memory cache for '/css/loginBundle.css'
2018-08-28 14:06:23,099 [20] INFO  WebOptimizer.AssetBuilder [(null)] - Responding from memory cache for '/js/loginBundle.js'
2018-08-28 14:06:52,357 [30] DEBUG Dotnet.Utils.Filter.ModelStateValidationFilter [(null)] - Method: 'Void OnActionExecuting(ActionExecutingContext)'. Line: ~26. ModelStateValidation OnActionExecuting start...
2018-08-28 14:06:52,358 [30] DEBUG Dotnet.Utils.Filter.ModelStateValidationFilter [(null)] - Method: 'Void OnActionExecuting(ActionExecutingContext)'. Line: ~61. ModelStateValidation OnActionExecuting finish...
2018-08-28 14:06:52,670 [30] INFO  WebOptimizer.AssetMiddleware [(null)] - Request started for '/css/loginBundle.css'
2018-08-28 14:06:52,673 [13] INFO  WebOptimizer.AssetMiddleware [(null)] - Request started for '/js/loginBundle.js'
2018-08-28 14:06:52,673 [30] INFO  WebOptimizer.AssetBuilder [(null)] - Responding from memory cache for '/css/loginBundle.css'
2018-08-28 14:06:52,674 [13] INFO  WebOptimizer.AssetBuilder [(null)] - Responding from memory cache for '/js/loginBundle.js'
2018-08-28 14:07:32,175 [19] DEBUG Dotnet.Utils.Filter.ModelStateValidationFilter [(null)] - Method: 'Void OnActionExecuting(ActionExecutingContext)'. Line: ~26. ModelStateValidation OnActionExecuting start...
2018-08-28 14:07:32,176 [19] DEBUG Dotnet.Utils.Filter.ModelStateValidationFilter [(null)] - Method: 'Void OnActionExecuting(ActionExecutingContext)'. Line: ~61. ModelStateValidation OnActionExecuting finish...
2018-08-28 14:07:32,390 [23] INFO  WebOptimizer.AssetMiddleware [(null)] - Request started for '/css/loginBundle.css'
2018-08-28 14:07:32,393 [23] INFO  WebOptimizer.AssetBuilder [(null)] - Responding from memory cache for '/css/loginBundle.css'
2018-08-28 14:07:32,396 [23] INFO  WebOptimizer.AssetMiddleware [(null)] - Request started for '/js/loginBundle.js'
2018-08-28 14:07:32,397 [23] INFO  WebOptimizer.AssetBuilder [(null)] - Responding from memory cache for '/js/loginBundle.js'
2018-08-28 14:08:01,956 [44] INFO  WebOptimizer.AssetMiddleware [(null)] - Request started for '/css/loginBundle.css'
2018-08-28 14:08:01,959 [44] INFO  WebOptimizer.AssetBuilder [(null)] - Responding from memory cache for '/css/loginBundle.css'
2018-08-28 14:08:09,031 [35] DEBUG Dotnet.Utils.Filter.ModelStateValidationFilter [(null)] - Method: 'Void OnActionExecuting(ActionExecutingContext)'. Line: ~26. ModelStateValidation OnActionExecuting start...
2018-08-28 14:08:09,031 [35] DEBUG Dotnet.Utils.Filter.ModelStateValidationFilter [(null)] - Method: 'Void OnActionExecuting(ActionExecutingContext)'. Line: ~61. ModelStateValidation OnActionExecuting finish...
2018-08-28 14:08:09,033 [35] DEBUG Dotnet.Controllers.Identity.AccountController [(null)] - Method: 'IActionResult Login(LoginModel)'. Line: ~35. login start....
2018-08-28 14:08:09,033 [35] DEBUG Dotnet.Controllers.Identity.AccountController [(null)] - Method: 'IActionResult Login(LoginModel)'. Line: ~36. name:user, password:123456
2018-08-28 14:08:09,219 [35] DEBUG Dotnet.Controllers.Identity.AccountController [(null)] - Method: 'IActionResult Login(LoginModel)'. Line: ~43. login finish....
2018-08-28 14:08:09,328 [41] DEBUG Dotnet.Utils.Filter.ModelStateValidationFilter [(null)] - Method: 'Void OnActionExecuting(ActionExecutingContext)'. Line: ~26. ModelStateValidation OnActionExecuting start...
2018-08-28 14:08:09,329 [41] DEBUG Dotnet.Utils.Filter.ModelStateValidationFilter [(null)] - Method: 'Void OnActionExecuting(ActionExecutingContext)'. Line: ~61. ModelStateValidation OnActionExecuting finish...
2018-08-28 14:08:09,702 [35] INFO  WebOptimizer.AssetMiddleware [(null)] - Request started for '/css/backendBundle.css'
2018-08-28 14:08:09,704 [41] INFO  WebOptimizer.AssetMiddleware [(null)] - Request started for '/js/backendBundle.js'
2018-08-28 14:08:09,835 [17] INFO  WebOptimizer.AssetBuilder [(null)] - Generated output and responded to request for '/css/backendBundle.css'
2018-08-28 14:08:10,004 [12] INFO  WebOptimizer.AssetBuilder [(null)] - Generated output and responded to request for '/js/backendBundle.js'
2018-08-28 14:08:16,878 [12] DEBUG Dotnet.Utils.Filter.ModelStateValidationFilter [(null)] - Method: 'Void OnActionExecuting(ActionExecutingContext)'. Line: ~26. ModelStateValidation OnActionExecuting start...
2018-08-28 14:08:16,879 [12] DEBUG Dotnet.Utils.Filter.ModelStateValidationFilter [(null)] - Method: 'Void OnActionExecuting(ActionExecutingContext)'. Line: ~61. ModelStateValidation OnActionExecuting finish...
2018-08-28 14:08:17,380 [17] INFO  WebOptimizer.AssetMiddleware [(null)] - Request started for '/css/backendBundle.css'
2018-08-28 14:08:17,382 [12] INFO  WebOptimizer.AssetMiddleware [(null)] - Request started for '/js/backendBundle.js'
2018-08-28 14:08:17,383 [17] INFO  WebOptimizer.AssetBuilder [(null)] - Responding from memory cache for '/css/backendBundle.css'
2018-08-28 14:08:17,384 [12] INFO  WebOptimizer.AssetBuilder [(null)] - Responding from memory cache for '/js/backendBundle.js'
2018-08-28 14:08:17,614 [22] DEBUG Dotnet.Utils.Filter.ModelStateValidationFilter [(null)] - Method: 'Void OnActionExecuting(ActionExecutingContext)'. Line: ~26. ModelStateValidation OnActionExecuting start...
2018-08-28 14:08:17,615 [22] DEBUG Dotnet.Utils.Filter.ModelStateValidationFilter [(null)] - Method: 'Void OnActionExecuting(ActionExecutingContext)'. Line: ~61. ModelStateValidation OnActionExecuting finish...
2018-08-28 14:08:17,617 [22] DEBUG Dotnet.Controllers.Identity.IdentityController [(null)] - Method: 'JsonResult UserGrid(User)'. Line: ~42. account:, name:, status:
2018-08-28 14:08:21,154 [41] DEBUG Dotnet.Utils.Filter.ModelStateValidationFilter [(null)] - Method: 'Void OnActionExecuting(ActionExecutingContext)'. Line: ~26. ModelStateValidation OnActionExecuting start...
2018-08-28 14:08:21,154 [41] DEBUG Dotnet.Utils.Filter.ModelStateValidationFilter [(null)] - Method: 'Void OnActionExecuting(ActionExecutingContext)'. Line: ~61. ModelStateValidation OnActionExecuting finish...
2018-08-28 14:08:21,232 [44] INFO  WebOptimizer.AssetMiddleware [(null)] - Request started for '/css/backendBundle.css'
2018-08-28 14:08:21,234 [41] INFO  WebOptimizer.AssetMiddleware [(null)] - Request started for '/js/backendBundle.js'
2018-08-28 14:08:21,233 [44] INFO  WebOptimizer.AssetBuilder [(null)] - Responding from memory cache for '/css/backendBundle.css'
2018-08-28 14:08:21,237 [41] INFO  WebOptimizer.AssetBuilder [(null)] - Responding from memory cache for '/js/backendBundle.js'
2018-08-28 14:08:21,446 [33] DEBUG Dotnet.Utils.Filter.ModelStateValidationFilter [(null)] - Method: 'Void OnActionExecuting(ActionExecutingContext)'. Line: ~26. ModelStateValidation OnActionExecuting start...
2018-08-28 14:08:21,447 [33] DEBUG Dotnet.Utils.Filter.ModelStateValidationFilter [(null)] - Method: 'Void OnActionExecuting(ActionExecutingContext)'. Line: ~61. ModelStateValidation OnActionExecuting finish...
2018-08-28 14:08:28,740 [33] DEBUG Dotnet.Utils.Filter.ModelStateValidationFilter [(null)] - Method: 'Void OnActionExecuting(ActionExecutingContext)'. Line: ~26. ModelStateValidation OnActionExecuting start...
2018-08-28 14:08:28,740 [33] DEBUG Dotnet.Utils.Filter.ModelStateValidationFilter [(null)] - Method: 'Void OnActionExecuting(ActionExecutingContext)'. Line: ~61. ModelStateValidation OnActionExecuting finish...
2018-08-28 14:08:28,797 [33] INFO  WebOptimizer.AssetMiddleware [(null)] - Request started for '/css/frontendBundle.css'
2018-08-28 14:08:28,797 [12] INFO  WebOptimizer.AssetMiddleware [(null)] - Request started for '/js/frontendBundle.js'
2018-08-28 14:08:28,798 [33] INFO  WebOptimizer.AssetBuilder [(null)] - Responding from memory cache for '/css/frontendBundle.css'
2018-08-28 14:08:28,798 [12] INFO  WebOptimizer.AssetBuilder [(null)] - Responding from memory cache for '/js/frontendBundle.js'
2018-08-28 14:08:35,525 [33] DEBUG Dotnet.Utils.Filter.ModelStateValidationFilter [(null)] - Method: 'Void OnActionExecuting(ActionExecutingContext)'. Line: ~26. ModelStateValidation OnActionExecuting start...
2018-08-28 14:08:35,525 [33] DEBUG Dotnet.Utils.Filter.ModelStateValidationFilter [(null)] - Method: 'Void OnActionExecuting(ActionExecutingContext)'. Line: ~61. ModelStateValidation OnActionExecuting finish...
2018-08-28 14:08:35,544 [17] DEBUG Dotnet.Utils.Filter.ModelStateValidationFilter [(null)] - Method: 'Void OnActionExecuting(ActionExecutingContext)'. Line: ~26. ModelStateValidation OnActionExecuting start...
2018-08-28 14:08:35,544 [17] DEBUG Dotnet.Utils.Filter.ModelStateValidationFilter [(null)] - Method: 'Void OnActionExecuting(ActionExecutingContext)'. Line: ~61. ModelStateValidation OnActionExecuting finish...
2018-08-28 14:08:35,609 [33] INFO  WebOptimizer.AssetMiddleware [(null)] - Request started for '/css/backendBundle.css'
2018-08-28 14:08:35,611 [17] INFO  WebOptimizer.AssetMiddleware [(null)] - Request started for '/js/backendBundle.js'
2018-08-28 14:08:35,611 [17] INFO  WebOptimizer.AssetBuilder [(null)] - Responding from memory cache for '/js/backendBundle.js'
2018-08-28 14:08:35,614 [33] INFO  WebOptimizer.AssetBuilder [(null)] - Responding from memory cache for '/css/backendBundle.css'
2018-08-28 14:16:24,112 [18] DEBUG Dotnet.Utils.Filter.ModelStateValidationFilter [(null)] - Method: 'Void OnActionExecuting(ActionExecutingContext)'. Line: ~26. ModelStateValidation OnActionExecuting start...
2018-08-28 14:16:24,112 [18] DEBUG Dotnet.Utils.Filter.ModelStateValidationFilter [(null)] - Method: 'Void OnActionExecuting(ActionExecutingContext)'. Line: ~61. ModelStateValidation OnActionExecuting finish...
2018-08-28 14:16:24,627 [37] INFO  WebOptimizer.AssetMiddleware [(null)] - Request started for '/css/backendBundle.css'
2018-08-28 14:16:24,627 [37] INFO  WebOptimizer.AssetBuilder [(null)] - Responding from memory cache for '/css/backendBundle.css'
2018-08-28 14:16:24,632 [37] INFO  WebOptimizer.AssetMiddleware [(null)] - Request started for '/js/backendBundle.js'
2018-08-28 14:16:24,634 [37] INFO  WebOptimizer.AssetBuilder [(null)] - Responding from memory cache for '/js/backendBundle.js'
2018-08-28 14:16:54,081 [48] DEBUG Dotnet.Utils.Filter.ModelStateValidationFilter [(null)] - Method: 'Void OnActionExecuting(ActionExecutingContext)'. Line: ~26. ModelStateValidation OnActionExecuting start...
2018-08-28 14:16:54,081 [48] DEBUG Dotnet.Utils.Filter.ModelStateValidationFilter [(null)] - Method: 'Void OnActionExecuting(ActionExecutingContext)'. Line: ~61. ModelStateValidation OnActionExecuting finish...
2018-08-28 14:16:54,289 [48] INFO  WebOptimizer.AssetMiddleware [(null)] - Request started for '/css/backendBundle.css'
2018-08-28 14:16:54,292 [48] INFO  WebOptimizer.AssetBuilder [(null)] - Responding from memory cache for '/css/backendBundle.css'
2018-08-28 14:16:54,295 [48] INFO  WebOptimizer.AssetMiddleware [(null)] - Request started for '/js/backendBundle.js'
2018-08-28 14:16:54,296 [48] INFO  WebOptimizer.AssetBuilder [(null)] - Responding from memory cache for '/js/backendBundle.js'
2018-08-28 14:17:32,082 [37] DEBUG Dotnet.Utils.Filter.ModelStateValidationFilter [(null)] - Method: 'Void OnActionExecuting(ActionExecutingContext)'. Line: ~26. ModelStateValidation OnActionExecuting start...
2018-08-28 14:17:32,083 [37] DEBUG Dotnet.Utils.Filter.ModelStateValidationFilter [(null)] - Method: 'Void OnActionExecuting(ActionExecutingContext)'. Line: ~61. ModelStateValidation OnActionExecuting finish...
2018-08-28 14:17:32,315 [37] INFO  WebOptimizer.AssetMiddleware [(null)] - Request started for '/css/backendBundle.css'
2018-08-28 14:17:32,317 [37] INFO  WebOptimizer.AssetBuilder [(null)] - Responding from memory cache for '/css/backendBundle.css'
2018-08-28 14:17:32,323 [55] INFO  WebOptimizer.AssetMiddleware [(null)] - Request started for '/js/backendBundle.js'
2018-08-28 14:17:32,326 [55] INFO  WebOptimizer.AssetBuilder [(null)] - Responding from memory cache for '/js/backendBundle.js'
2018-08-28 14:18:15,831 [56] DEBUG Dotnet.Utils.Filter.ModelStateValidationFilter [(null)] - Method: 'Void OnActionExecuting(ActionExecutingContext)'. Line: ~26. ModelStateValidation OnActionExecuting start...
2018-08-28 14:18:15,831 [56] DEBUG Dotnet.Utils.Filter.ModelStateValidationFilter [(null)] - Method: 'Void OnActionExecuting(ActionExecutingContext)'. Line: ~61. ModelStateValidation OnActionExecuting finish...
2018-08-28 14:18:16,077 [53] INFO  WebOptimizer.AssetMiddleware [(null)] - Request started for '/css/backendBundle.css'
2018-08-28 14:18:16,079 [53] INFO  WebOptimizer.AssetBuilder [(null)] - Responding from memory cache for '/css/backendBundle.css'
2018-08-28 14:18:16,079 [56] INFO  WebOptimizer.AssetMiddleware [(null)] - Request started for '/js/backendBundle.js'
2018-08-28 14:18:16,080 [56] INFO  WebOptimizer.AssetBuilder [(null)] - Responding from memory cache for '/js/backendBundle.js'
2018-08-28 14:18:26,500 [53] DEBUG Dotnet.Utils.Filter.ModelStateValidationFilter [(null)] - Method: 'Void OnActionExecuting(ActionExecutingContext)'. Line: ~26. ModelStateValidation OnActionExecuting start...
2018-08-28 14:18:26,501 [53] DEBUG Dotnet.Utils.Filter.ModelStateValidationFilter [(null)] - Method: 'Void OnActionExecuting(ActionExecutingContext)'. Line: ~61. ModelStateValidation OnActionExecuting finish...
2018-08-28 14:18:26,563 [56] INFO  WebOptimizer.AssetMiddleware [(null)] - Request started for '/css/frontendBundle.css'
2018-08-28 14:18:26,563 [56] INFO  WebOptimizer.AssetBuilder [(null)] - Responding from memory cache for '/css/frontendBundle.css'
2018-08-28 14:18:26,568 [56] INFO  WebOptimizer.AssetMiddleware [(null)] - Request started for '/js/frontendBundle.js'
2018-08-28 14:18:26,569 [56] INFO  WebOptimizer.AssetBuilder [(null)] - Responding from memory cache for '/js/frontendBundle.js'
2018-08-28 14:18:29,264 [59] DEBUG Dotnet.Utils.Filter.ModelStateValidationFilter [(null)] - Method: 'Void OnActionExecuting(ActionExecutingContext)'. Line: ~26. ModelStateValidation OnActionExecuting start...
2018-08-28 14:18:29,264 [59] DEBUG Dotnet.Utils.Filter.ModelStateValidationFilter [(null)] - Method: 'Void OnActionExecuting(ActionExecutingContext)'. Line: ~61. ModelStateValidation OnActionExecuting finish...
2018-08-28 14:18:29,290 [59] DEBUG Dotnet.Utils.Filter.ModelStateValidationFilter [(null)] - Method: 'Void OnActionExecuting(ActionExecutingContext)'. Line: ~26. ModelStateValidation OnActionExecuting start...
2018-08-28 14:18:29,290 [59] DEBUG Dotnet.Utils.Filter.ModelStateValidationFilter [(null)] - Method: 'Void OnActionExecuting(ActionExecutingContext)'. Line: ~61. ModelStateValidation OnActionExecuting finish...
2018-08-28 14:18:29,395 [49] INFO  WebOptimizer.AssetMiddleware [(null)] - Request started for '/css/backendBundle.css'
2018-08-28 14:18:29,396 [49] INFO  WebOptimizer.AssetBuilder [(null)] - Responding from memory cache for '/css/backendBundle.css'
2018-08-28 14:18:29,400 [49] INFO  WebOptimizer.AssetMiddleware [(null)] - Request started for '/js/backendBundle.js'
2018-08-28 14:18:29,401 [49] INFO  WebOptimizer.AssetBuilder [(null)] - Responding from memory cache for '/js/backendBundle.js'
2018-08-28 14:19:06,352 [63] DEBUG Dotnet.Utils.Filter.ModelStateValidationFilter [(null)] - Method: 'Void OnActionExecuting(ActionExecutingContext)'. Line: ~26. ModelStateValidation OnActionExecuting start...
2018-08-28 14:19:06,353 [63] DEBUG Dotnet.Utils.Filter.ModelStateValidationFilter [(null)] - Method: 'Void OnActionExecuting(ActionExecutingContext)'. Line: ~61. ModelStateValidation OnActionExecuting finish...
2018-08-28 14:19:06,579 [63] INFO  WebOptimizer.AssetMiddleware [(null)] - Request started for '/css/backendBundle.css'
2018-08-28 14:19:06,584 [63] INFO  WebOptimizer.AssetBuilder [(null)] - Responding from memory cache for '/css/backendBundle.css'
2018-08-28 14:19:06,589 [63] INFO  WebOptimizer.AssetMiddleware [(null)] - Request started for '/js/backendBundle.js'
2018-08-28 14:19:06,589 [63] INFO  WebOptimizer.AssetBuilder [(null)] - Responding from memory cache for '/js/backendBundle.js'
2018-08-28 14:19:24,264 [53] DEBUG Dotnet.Utils.Filter.ModelStateValidationFilter [(null)] - Method: 'Void OnActionExecuting(ActionExecutingContext)'. Line: ~26. ModelStateValidation OnActionExecuting start...
2018-08-28 14:19:24,265 [53] DEBUG Dotnet.Utils.Filter.ModelStateValidationFilter [(null)] - Method: 'Void OnActionExecuting(ActionExecutingContext)'. Line: ~61. ModelStateValidation OnActionExecuting finish...
2018-08-28 14:19:24,504 [65] INFO  WebOptimizer.AssetMiddleware [(null)] - Request started for '/css/backendBundle.css'
2018-08-28 14:19:24,506 [65] INFO  WebOptimizer.AssetBuilder [(null)] - Responding from memory cache for '/css/backendBundle.css'
2018-08-28 14:19:24,509 [65] INFO  WebOptimizer.AssetMiddleware [(null)] - Request started for '/js/backendBundle.js'
2018-08-28 14:19:24,510 [65] INFO  WebOptimizer.AssetBuilder [(null)] - Responding from memory cache for '/js/backendBundle.js'
2018-08-28 14:19:32,504 [63] DEBUG Dotnet.Utils.Filter.ModelStateValidationFilter [(null)] - Method: 'Void OnActionExecuting(ActionExecutingContext)'. Line: ~26. ModelStateValidation OnActionExecuting start...
2018-08-28 14:19:32,504 [63] DEBUG Dotnet.Utils.Filter.ModelStateValidationFilter [(null)] - Method: 'Void OnActionExecuting(ActionExecutingContext)'. Line: ~61. ModelStateValidation OnActionExecuting finish...
2018-08-28 14:19:32,691 [64] INFO  WebOptimizer.AssetMiddleware [(null)] - Request started for '/css/backendBundle.css'
2018-08-28 14:19:32,693 [64] INFO  WebOptimizer.AssetBuilder [(null)] - Responding from memory cache for '/css/backendBundle.css'
2018-08-28 14:19:32,696 [63] INFO  WebOptimizer.AssetMiddleware [(null)] - Request started for '/js/backendBundle.js'
2018-08-28 14:19:32,697 [63] INFO  WebOptimizer.AssetBuilder [(null)] - Responding from memory cache for '/js/backendBundle.js'
2018-08-28 14:19:39,710 [63] DEBUG Dotnet.Utils.Filter.ModelStateValidationFilter [(null)] - Method: 'Void OnActionExecuting(ActionExecutingContext)'. Line: ~26. ModelStateValidation OnActionExecuting start...
2018-08-28 14:19:39,711 [63] DEBUG Dotnet.Utils.Filter.ModelStateValidationFilter [(null)] - Method: 'Void OnActionExecuting(ActionExecutingContext)'. Line: ~61. ModelStateValidation OnActionExecuting finish...
2018-08-28 14:19:39,920 [59] INFO  WebOptimizer.AssetMiddleware [(null)] - Request started for '/css/backendBundle.css'
2018-08-28 14:19:39,920 [59] INFO  WebOptimizer.AssetBuilder [(null)] - Responding from memory cache for '/css/backendBundle.css'
2018-08-28 14:19:39,926 [59] INFO  WebOptimizer.AssetMiddleware [(null)] - Request started for '/js/backendBundle.js'
2018-08-28 14:19:39,931 [59] INFO  WebOptimizer.AssetBuilder [(null)] - Responding from memory cache for '/js/backendBundle.js'
2018-08-28 14:19:56,755 [66] DEBUG Dotnet.Utils.Filter.ModelStateValidationFilter [(null)] - Method: 'Void OnActionExecuting(ActionExecutingContext)'. Line: ~26. ModelStateValidation OnActionExecuting start...
2018-08-28 14:19:56,755 [66] DEBUG Dotnet.Utils.Filter.ModelStateValidationFilter [(null)] - Method: 'Void OnActionExecuting(ActionExecutingContext)'. Line: ~61. ModelStateValidation OnActionExecuting finish...
2018-08-28 14:19:56,943 [63] INFO  WebOptimizer.AssetMiddleware [(null)] - Request started for '/css/backendBundle.css'
2018-08-28 14:19:56,945 [63] INFO  WebOptimizer.AssetBuilder [(null)] - Responding from memory cache for '/css/backendBundle.css'
2018-08-28 14:19:56,950 [63] INFO  WebOptimizer.AssetMiddleware [(null)] - Request started for '/js/backendBundle.js'
2018-08-28 14:19:56,951 [63] INFO  WebOptimizer.AssetBuilder [(null)] - Responding from memory cache for '/js/backendBundle.js'
2018-08-28 14:20:02,597 [65] DEBUG Dotnet.Utils.Filter.ModelStateValidationFilter [(null)] - Method: 'Void OnActionExecuting(ActionExecutingContext)'. Line: ~26. ModelStateValidation OnActionExecuting start...
2018-08-28 14:20:02,597 [65] DEBUG Dotnet.Utils.Filter.ModelStateValidationFilter [(null)] - Method: 'Void OnActionExecuting(ActionExecutingContext)'. Line: ~61. ModelStateValidation OnActionExecuting finish...
2018-08-28 14:20:02,835 [65] INFO  WebOptimizer.AssetMiddleware [(null)] - Request started for '/js/backendBundle.js'
2018-08-28 14:20:02,829 [64] INFO  WebOptimizer.AssetMiddleware [(null)] - Request started for '/css/backendBundle.css'
2018-08-28 14:20:02,836 [65] INFO  WebOptimizer.AssetBuilder [(null)] - Responding from memory cache for '/js/backendBundle.js'
2018-08-28 14:20:02,836 [64] INFO  WebOptimizer.AssetBuilder [(null)] - Responding from memory cache for '/css/backendBundle.css'
2018-08-28 14:20:07,905 [58] DEBUG Dotnet.Utils.Filter.ModelStateValidationFilter [(null)] - Method: 'Void OnActionExecuting(ActionExecutingContext)'. Line: ~26. ModelStateValidation OnActionExecuting start...
2018-08-28 14:20:07,907 [58] DEBUG Dotnet.Utils.Filter.ModelStateValidationFilter [(null)] - Method: 'Void OnActionExecuting(ActionExecutingContext)'. Line: ~61. ModelStateValidation OnActionExecuting finish...
2018-08-28 14:20:08,098 [58] INFO  WebOptimizer.AssetMiddleware [(null)] - Request started for '/css/backendBundle.css'
2018-08-28 14:20:08,100 [64] INFO  WebOptimizer.AssetMiddleware [(null)] - Request started for '/js/backendBundle.js'
2018-08-28 14:20:08,099 [58] INFO  WebOptimizer.AssetBuilder [(null)] - Responding from memory cache for '/css/backendBundle.css'
2018-08-28 14:20:08,101 [64] INFO  WebOptimizer.AssetBuilder [(null)] - Responding from memory cache for '/js/backendBundle.js'
2018-08-28 14:20:13,443 [59] DEBUG Dotnet.Utils.Filter.ModelStateValidationFilter [(null)] - Method: 'Void OnActionExecuting(ActionExecutingContext)'. Line: ~26. ModelStateValidation OnActionExecuting start...
2018-08-28 14:20:13,443 [59] DEBUG Dotnet.Utils.Filter.ModelStateValidationFilter [(null)] - Method: 'Void OnActionExecuting(ActionExecutingContext)'. Line: ~61. ModelStateValidation OnActionExecuting finish...
2018-08-28 14:20:13,664 [66] INFO  WebOptimizer.AssetMiddleware [(null)] - Request started for '/css/backendBundle.css'
2018-08-28 14:20:13,664 [66] INFO  WebOptimizer.AssetBuilder [(null)] - Responding from memory cache for '/css/backendBundle.css'
2018-08-28 14:20:13,667 [59] INFO  WebOptimizer.AssetMiddleware [(null)] - Request started for '/js/backendBundle.js'
2018-08-28 14:20:13,668 [59] INFO  WebOptimizer.AssetBuilder [(null)] - Responding from memory cache for '/js/backendBundle.js'
2018-08-28 14:20:47,096 [66] DEBUG Dotnet.Utils.Filter.ModelStateValidationFilter [(null)] - Method: 'Void OnActionExecuting(ActionExecutingContext)'. Line: ~26. ModelStateValidation OnActionExecuting start...
2018-08-28 14:20:47,097 [66] DEBUG Dotnet.Utils.Filter.ModelStateValidationFilter [(null)] - Method: 'Void OnActionExecuting(ActionExecutingContext)'. Line: ~61. ModelStateValidation OnActionExecuting finish...
2018-08-28 14:20:47,305 [59] INFO  WebOptimizer.AssetMiddleware [(null)] - Request started for '/css/backendBundle.css'
2018-08-28 14:20:47,308 [66] INFO  WebOptimizer.AssetMiddleware [(null)] - Request started for '/js/backendBundle.js'
2018-08-28 14:20:47,309 [66] INFO  WebOptimizer.AssetBuilder [(null)] - Responding from memory cache for '/js/backendBundle.js'
2018-08-28 14:20:47,367 [66] INFO  WebOptimizer.AssetBuilder [(null)] - Generated output and responded to request for '/css/backendBundle.css'
2018-08-28 14:21:03,743 [50] DEBUG Dotnet.Utils.Filter.ModelStateValidationFilter [(null)] - Method: 'Void OnActionExecuting(ActionExecutingContext)'. Line: ~26. ModelStateValidation OnActionExecuting start...
2018-08-28 14:21:03,744 [50] DEBUG Dotnet.Utils.Filter.ModelStateValidationFilter [(null)] - Method: 'Void OnActionExecuting(ActionExecutingContext)'. Line: ~61. ModelStateValidation OnActionExecuting finish...
2018-08-28 14:21:03,987 [50] INFO  WebOptimizer.AssetMiddleware [(null)] - Request started for '/css/backendBundle.css'
2018-08-28 14:21:03,987 [50] INFO  WebOptimizer.AssetBuilder [(null)] - Responding from memory cache for '/css/backendBundle.css'
2018-08-28 14:21:03,990 [64] INFO  WebOptimizer.AssetMiddleware [(null)] - Request started for '/js/backendBundle.js'
2018-08-28 14:21:03,991 [64] INFO  WebOptimizer.AssetBuilder [(null)] - Responding from memory cache for '/js/backendBundle.js'
2018-08-28 14:21:24,243 [48] DEBUG Dotnet.Utils.Filter.ModelStateValidationFilter [(null)] - Method: 'Void OnActionExecuting(ActionExecutingContext)'. Line: ~26. ModelStateValidation OnActionExecuting start...
2018-08-28 14:21:24,244 [48] DEBUG Dotnet.Utils.Filter.ModelStateValidationFilter [(null)] - Method: 'Void OnActionExecuting(ActionExecutingContext)'. Line: ~61. ModelStateValidation OnActionExecuting finish...
2018-08-28 14:21:24,448 [50] INFO  WebOptimizer.AssetMiddleware [(null)] - Request started for '/css/backendBundle.css'
2018-08-28 14:21:24,452 [48] INFO  WebOptimizer.AssetMiddleware [(null)] - Request started for '/js/backendBundle.js'
2018-08-28 14:21:24,452 [50] INFO  WebOptimizer.AssetBuilder [(null)] - Responding from memory cache for '/css/backendBundle.css'
2018-08-28 14:21:24,453 [48] INFO  WebOptimizer.AssetBuilder [(null)] - Responding from memory cache for '/js/backendBundle.js'
2018-08-28 14:45:21,356 [78] DEBUG Dotnet.Utils.Filter.ModelStateValidationFilter [(null)] - Method: 'Void OnActionExecuting(ActionExecutingContext)'. Line: ~26. ModelStateValidation OnActionExecuting start...
2018-08-28 14:45:21,356 [78] DEBUG Dotnet.Utils.Filter.ModelStateValidationFilter [(null)] - Method: 'Void OnActionExecuting(ActionExecutingContext)'. Line: ~61. ModelStateValidation OnActionExecuting finish...
2018-08-28 14:45:21,400 [83] INFO  WebOptimizer.AssetMiddleware [(null)] - Request started for '/css/frontendBundle.css'
2018-08-28 14:45:21,402 [83] INFO  WebOptimizer.AssetBuilder [(null)] - Responding from memory cache for '/css/frontendBundle.css'
2018-08-28 14:45:21,403 [78] INFO  WebOptimizer.AssetMiddleware [(null)] - Request started for '/js/frontendBundle.js'
2018-08-28 14:45:21,413 [78] INFO  WebOptimizer.AssetBuilder [(null)] - Responding from memory cache for '/js/frontendBundle.js'
2018-08-28 14:53:32,818 [14] DEBUG Dotnet.Utils.Filter.ModelStateValidationFilter [(null)] - Method: 'Void OnActionExecuting(ActionExecutingContext)'. Line: ~26. ModelStateValidation OnActionExecuting start...
2018-08-28 14:53:32,818 [14] DEBUG Dotnet.Utils.Filter.ModelStateValidationFilter [(null)] - Method: 'Void OnActionExecuting(ActionExecutingContext)'. Line: ~61. ModelStateValidation OnActionExecuting finish...
2018-08-28 14:53:32,877 [38] INFO  WebOptimizer.AssetMiddleware [(null)] - Request started for '/css/frontendBundle.css'
2018-08-28 14:53:32,878 [38] INFO  WebOptimizer.AssetBuilder [(null)] - Responding from memory cache for '/css/frontendBundle.css'
2018-08-28 14:53:32,880 [14] INFO  WebOptimizer.AssetMiddleware [(null)] - Request started for '/js/frontendBundle.js'
2018-08-28 14:53:32,881 [14] INFO  WebOptimizer.AssetBuilder [(null)] - Responding from memory cache for '/js/frontendBundle.js'
2018-08-28 14:53:36,268 [14] DEBUG Dotnet.Utils.Filter.ModelStateValidationFilter [(null)] - Method: 'Void OnActionExecuting(ActionExecutingContext)'. Line: ~26. ModelStateValidation OnActionExecuting start...
2018-08-28 14:53:36,268 [14] DEBUG Dotnet.Utils.Filter.ModelStateValidationFilter [(null)] - Method: 'Void OnActionExecuting(ActionExecutingContext)'. Line: ~61. ModelStateValidation OnActionExecuting finish...
2018-08-28 14:53:36,308 [38] INFO  WebOptimizer.AssetMiddleware [(null)] - Request started for '/css/frontendBundle.css'
2018-08-28 14:53:36,310 [16] INFO  WebOptimizer.AssetMiddleware [(null)] - Request started for '/js/frontendBundle.js'
2018-08-28 14:53:36,311 [38] INFO  WebOptimizer.AssetBuilder [(null)] - Responding from memory cache for '/css/frontendBundle.css'
2018-08-28 14:53:36,311 [16] INFO  WebOptimizer.AssetBuilder [(null)] - Responding from memory cache for '/js/frontendBundle.js'
2018-08-28 14:53:38,114 [38] DEBUG Dotnet.Utils.Filter.ModelStateValidationFilter [(null)] - Method: 'Void OnActionExecuting(ActionExecutingContext)'. Line: ~26. ModelStateValidation OnActionExecuting start...
2018-08-28 14:53:38,115 [38] DEBUG Dotnet.Utils.Filter.ModelStateValidationFilter [(null)] - Method: 'Void OnActionExecuting(ActionExecutingContext)'. Line: ~61. ModelStateValidation OnActionExecuting finish...
2018-08-28 14:53:38,135 [48] DEBUG Dotnet.Utils.Filter.ModelStateValidationFilter [(null)] - Method: 'Void OnActionExecuting(ActionExecutingContext)'. Line: ~26. ModelStateValidation OnActionExecuting start...
2018-08-28 14:53:38,135 [48] DEBUG Dotnet.Utils.Filter.ModelStateValidationFilter [(null)] - Method: 'Void OnActionExecuting(ActionExecutingContext)'. Line: ~61. ModelStateValidation OnActionExecuting finish...
2018-08-28 14:53:38,397 [46] INFO  WebOptimizer.AssetMiddleware [(null)] - Request started for '/css/backendBundle.css'
2018-08-28 14:53:38,398 [47] INFO  WebOptimizer.AssetMiddleware [(null)] - Request started for '/js/backendBundle.js'
2018-08-28 14:53:38,398 [46] INFO  WebOptimizer.AssetBuilder [(null)] - Responding from memory cache for '/css/backendBundle.css'
2018-08-28 14:53:38,399 [47] INFO  WebOptimizer.AssetBuilder [(null)] - Responding from memory cache for '/js/backendBundle.js'
2018-08-28 14:53:40,383 [14] DEBUG Dotnet.Utils.Filter.ModelStateValidationFilter [(null)] - Method: 'Void OnActionExecuting(ActionExecutingContext)'. Line: ~26. ModelStateValidation OnActionExecuting start...
2018-08-28 14:53:40,383 [14] DEBUG Dotnet.Utils.Filter.ModelStateValidationFilter [(null)] - Method: 'Void OnActionExecuting(ActionExecutingContext)'. Line: ~61. ModelStateValidation OnActionExecuting finish...
2018-08-28 14:53:40,436 [14] INFO  WebOptimizer.AssetMiddleware [(null)] - Request started for '/js/frontendBundle.js'
2018-08-28 14:53:40,436 [48] INFO  WebOptimizer.AssetMiddleware [(null)] - Request started for '/css/frontendBundle.css'
2018-08-28 14:53:40,436 [14] INFO  WebOptimizer.AssetBuilder [(null)] - Responding from memory cache for '/js/frontendBundle.js'
2018-08-28 14:53:40,437 [48] INFO  WebOptimizer.AssetBuilder [(null)] - Responding from memory cache for '/css/frontendBundle.css'
2018-08-28 14:53:52,990 [48] DEBUG Dotnet.Utils.Filter.ModelStateValidationFilter [(null)] - Method: 'Void OnActionExecuting(ActionExecutingContext)'. Line: ~26. ModelStateValidation OnActionExecuting start...
2018-08-28 14:53:52,990 [48] DEBUG Dotnet.Utils.Filter.ModelStateValidationFilter [(null)] - Method: 'Void OnActionExecuting(ActionExecutingContext)'. Line: ~61. ModelStateValidation OnActionExecuting finish...
2018-08-28 14:53:53,245 [14] INFO  WebOptimizer.AssetMiddleware [(null)] - Request started for '/css/frontendBundle.css'
2018-08-28 14:53:53,245 [48] INFO  WebOptimizer.AssetMiddleware [(null)] - Request started for '/js/frontendBundle.js'
2018-08-28 14:53:53,247 [48] INFO  WebOptimizer.AssetBuilder [(null)] - Responding from memory cache for '/js/frontendBundle.js'
2018-08-28 14:53:53,247 [14] INFO  WebOptimizer.AssetBuilder [(null)] - Responding from memory cache for '/css/frontendBundle.css'
2018-08-28 14:54:37,496 [49] DEBUG Dotnet.Utils.Filter.ModelStateValidationFilter [(null)] - Method: 'Void OnActionExecuting(ActionExecutingContext)'. Line: ~26. ModelStateValidation OnActionExecuting start...
2018-08-28 14:54:37,496 [49] DEBUG Dotnet.Utils.Filter.ModelStateValidationFilter [(null)] - Method: 'Void OnActionExecuting(ActionExecutingContext)'. Line: ~61. ModelStateValidation OnActionExecuting finish...
2018-08-28 14:54:37,508 [49] DEBUG Dotnet.Utils.Filter.ModelStateValidationFilter [(null)] - Method: 'Void OnActionExecuting(ActionExecutingContext)'. Line: ~26. ModelStateValidation OnActionExecuting start...
2018-08-28 14:54:37,509 [49] DEBUG Dotnet.Utils.Filter.ModelStateValidationFilter [(null)] - Method: 'Void OnActionExecuting(ActionExecutingContext)'. Line: ~61. ModelStateValidation OnActionExecuting finish...
2018-08-28 14:54:37,564 [56] INFO  WebOptimizer.AssetMiddleware [(null)] - Request started for '/css/backendBundle.css'
2018-08-28 14:54:37,567 [56] INFO  WebOptimizer.AssetBuilder [(null)] - Responding from memory cache for '/css/backendBundle.css'
2018-08-28 14:54:37,567 [49] INFO  WebOptimizer.AssetMiddleware [(null)] - Request started for '/js/backendBundle.js'
2018-08-28 14:54:37,569 [49] INFO  WebOptimizer.AssetBuilder [(null)] - Responding from memory cache for '/js/backendBundle.js'
2018-08-28 17:02:15,796 [7] DEBUG Dotnet.Utils.Filter.ModelStateValidationFilter [(null)] - Method: 'Void OnActionExecuting(ActionExecutingContext)'. Line: ~26. ModelStateValidation OnActionExecuting start...
2018-08-28 17:02:15,821 [7] DEBUG Dotnet.Utils.Filter.ModelStateValidationFilter [(null)] - Method: 'Void OnActionExecuting(ActionExecutingContext)'. Line: ~61. ModelStateValidation OnActionExecuting finish...
2018-08-28 17:02:17,018 [8] INFO  WebOptimizer.AssetMiddleware [(null)] - Request started for '/css/backendBundle.css'
2018-08-28 17:02:17,019 [7] INFO  WebOptimizer.AssetMiddleware [(null)] - Request started for '/js/backendBundle.js'
2018-08-28 17:02:17,436 [9] INFO  WebOptimizer.AssetBuilder [(null)] - Generated output and responded to request for '/css/backendBundle.css'
2018-08-28 17:02:18,012 [7] INFO  WebOptimizer.AssetBuilder [(null)] - Generated output and responded to request for '/js/backendBundle.js'
2018-08-28 17:02:18,934 [7] DEBUG Dotnet.Utils.Filter.ModelStateValidationFilter [(null)] - Method: 'Void OnActionExecuting(ActionExecutingContext)'. Line: ~26. ModelStateValidation OnActionExecuting start...
2018-08-28 17:02:18,936 [7] DEBUG Dotnet.Utils.Filter.ModelStateValidationFilter [(null)] - Method: 'Void OnActionExecuting(ActionExecutingContext)'. Line: ~61. ModelStateValidation OnActionExecuting finish...
2018-08-28 17:02:19,081 [7] INFO  WebOptimizer.AssetMiddleware [(null)] - Request started for '/js/frontendBundle.js'
2018-08-28 17:02:19,081 [14] INFO  WebOptimizer.AssetMiddleware [(null)] - Request started for '/css/frontendBundle.css'
2018-08-28 17:02:19,144 [7] INFO  WebOptimizer.AssetBuilder [(null)] - Generated output and responded to request for '/css/frontendBundle.css'
2018-08-28 17:02:19,291 [14] INFO  WebOptimizer.AssetBuilder [(null)] - Generated output and responded to request for '/js/frontendBundle.js'
2018-08-28 17:02:25,262 [9] DEBUG Dotnet.Utils.Filter.ModelStateValidationFilter [(null)] - Method: 'Void OnActionExecuting(ActionExecutingContext)'. Line: ~26. ModelStateValidation OnActionExecuting start...
2018-08-28 17:02:25,263 [9] DEBUG Dotnet.Utils.Filter.ModelStateValidationFilter [(null)] - Method: 'Void OnActionExecuting(ActionExecutingContext)'. Line: ~61. ModelStateValidation OnActionExecuting finish...
2018-08-28 17:02:25,303 [9] DEBUG Dotnet.Utils.Filter.ModelStateValidationFilter [(null)] - Method: 'Void OnActionExecuting(ActionExecutingContext)'. Line: ~26. ModelStateValidation OnActionExecuting start...
2018-08-28 17:02:25,303 [9] DEBUG Dotnet.Utils.Filter.ModelStateValidationFilter [(null)] - Method: 'Void OnActionExecuting(ActionExecutingContext)'. Line: ~61. ModelStateValidation OnActionExecuting finish...
2018-08-28 17:02:25,355 [14] INFO  WebOptimizer.AssetMiddleware [(null)] - Request started for '/css/backendBundle.css'
2018-08-28 17:02:25,357 [10] INFO  WebOptimizer.AssetMiddleware [(null)] - Request started for '/js/backendBundle.js'
2018-08-28 17:02:25,357 [14] INFO  WebOptimizer.AssetBuilder [(null)] - Responding from memory cache for '/css/backendBundle.css'
2018-08-28 17:02:25,358 [10] INFO  WebOptimizer.AssetBuilder [(null)] - Responding from memory cache for '/js/backendBundle.js'
2018-08-28 17:04:06,944 [7] DEBUG Dotnet.Utils.Filter.ModelStateValidationFilter [(null)] - Method: 'Void OnActionExecuting(ActionExecutingContext)'. Line: ~26. ModelStateValidation OnActionExecuting start...
2018-08-28 17:04:06,966 [7] DEBUG Dotnet.Utils.Filter.ModelStateValidationFilter [(null)] - Method: 'Void OnActionExecuting(ActionExecutingContext)'. Line: ~61. ModelStateValidation OnActionExecuting finish...
2018-08-28 17:04:07,284 [12] INFO  WebOptimizer.AssetMiddleware [(null)] - Request started for '/js/backendBundle.js'
2018-08-28 17:04:07,284 [8] INFO  WebOptimizer.AssetMiddleware [(null)] - Request started for '/css/backendBundle.css'
2018-08-28 17:04:07,685 [10] INFO  WebOptimizer.AssetBuilder [(null)] - Generated output and responded to request for '/css/backendBundle.css'
2018-08-28 17:04:08,128 [9] INFO  WebOptimizer.AssetBuilder [(null)] - Generated output and responded to request for '/js/backendBundle.js'
2018-08-28 17:05:07,260 [10] DEBUG Dotnet.Utils.Filter.ModelStateValidationFilter [(null)] - Method: 'Void OnActionExecuting(ActionExecutingContext)'. Line: ~26. ModelStateValidation OnActionExecuting start...
2018-08-28 17:05:07,282 [10] DEBUG Dotnet.Utils.Filter.ModelStateValidationFilter [(null)] - Method: 'Void OnActionExecuting(ActionExecutingContext)'. Line: ~61. ModelStateValidation OnActionExecuting finish...
2018-08-28 17:05:07,693 [7] INFO  WebOptimizer.AssetMiddleware [(null)] - Request started for '/js/backendBundle.js'
2018-08-28 17:05:07,693 [10] INFO  WebOptimizer.AssetMiddleware [(null)] - Request started for '/css/backendBundle.css'
2018-08-28 17:05:08,148 [9] INFO  WebOptimizer.AssetBuilder [(null)] - Generated output and responded to request for '/css/backendBundle.css'
2018-08-28 17:05:08,687 [8] INFO  WebOptimizer.AssetBuilder [(null)] - Generated output and responded to request for '/js/backendBundle.js'
2018-08-28 17:05:10,318 [7] DEBUG Dotnet.Utils.Filter.ModelStateValidationFilter [(null)] - Method: 'Void OnActionExecuting(ActionExecutingContext)'. Line: ~26. ModelStateValidation OnActionExecuting start...
2018-08-28 17:05:10,320 [7] DEBUG Dotnet.Utils.Filter.ModelStateValidationFilter [(null)] - Method: 'Void OnActionExecuting(ActionExecutingContext)'. Line: ~61. ModelStateValidation OnActionExecuting finish...
2018-08-28 17:05:13,973 [7] INFO  WebOptimizer.AssetMiddleware [(null)] - Request started for '/css/backendBundle.css'
2018-08-28 17:05:13,973 [13] INFO  WebOptimizer.AssetMiddleware [(null)] - Request started for '/js/backendBundle.js'
2018-08-28 17:05:13,975 [7] INFO  WebOptimizer.AssetBuilder [(null)] - Responding from memory cache for '/css/backendBundle.css'
2018-08-28 17:05:13,977 [13] INFO  WebOptimizer.AssetBuilder [(null)] - Responding from memory cache for '/js/backendBundle.js'
2018-08-28 17:07:49,714 [10] DEBUG Dotnet.Utils.Filter.ModelStateValidationFilter [(null)] - Method: 'Void OnActionExecuting(ActionExecutingContext)'. Line: ~26. ModelStateValidation OnActionExecuting start...
2018-08-28 17:07:49,746 [10] DEBUG Dotnet.Utils.Filter.ModelStateValidationFilter [(null)] - Method: 'Void OnActionExecuting(ActionExecutingContext)'. Line: ~61. ModelStateValidation OnActionExecuting finish...
2018-08-28 17:07:50,678 [13] INFO  WebOptimizer.AssetMiddleware [(null)] - Request started for '/css/backendBundle.css'
2018-08-28 17:07:50,678 [10] INFO  WebOptimizer.AssetMiddleware [(null)] - Request started for '/js/backendBundle.js'
2018-08-28 17:07:51,064 [14] INFO  WebOptimizer.AssetBuilder [(null)] - Generated output and responded to request for '/css/backendBundle.css'
2018-08-28 17:07:51,636 [4] INFO  WebOptimizer.AssetBuilder [(null)] - Generated output and responded to request for '/js/backendBundle.js'
2018-08-28 17:08:28,341 [4] DEBUG Dotnet.Utils.Filter.ModelStateValidationFilter [(null)] - Method: 'Void OnActionExecuting(ActionExecutingContext)'. Line: ~26. ModelStateValidation OnActionExecuting start...
2018-08-28 17:08:28,342 [4] DEBUG Dotnet.Utils.Filter.ModelStateValidationFilter [(null)] - Method: 'Void OnActionExecuting(ActionExecutingContext)'. Line: ~61. ModelStateValidation OnActionExecuting finish...
2018-08-28 17:08:29,993 [4] INFO  WebOptimizer.AssetMiddleware [(null)] - Request started for '/js/backendBundle.js'
2018-08-28 17:08:29,992 [17] INFO  WebOptimizer.AssetMiddleware [(null)] - Request started for '/css/backendBundle.css'
2018-08-28 17:08:29,996 [4] INFO  WebOptimizer.AssetBuilder [(null)] - Responding from memory cache for '/js/backendBundle.js'
2018-08-28 17:08:30,000 [17] INFO  WebOptimizer.AssetBuilder [(null)] - Responding from memory cache for '/css/backendBundle.css'
2018-08-28 17:09:47,997 [8] DEBUG Dotnet.Utils.Filter.ModelStateValidationFilter [(null)] - Method: 'Void OnActionExecuting(ActionExecutingContext)'. Line: ~26. ModelStateValidation OnActionExecuting start...
2018-08-28 17:09:48,040 [8] DEBUG Dotnet.Utils.Filter.ModelStateValidationFilter [(null)] - Method: 'Void OnActionExecuting(ActionExecutingContext)'. Line: ~61. ModelStateValidation OnActionExecuting finish...
2018-08-28 17:09:49,120 [7] INFO  WebOptimizer.AssetMiddleware [(null)] - Request started for '/js/backendBundle.js'
2018-08-28 17:09:49,120 [8] INFO  WebOptimizer.AssetMiddleware [(null)] - Request started for '/css/backendBundle.css'
2018-08-28 17:09:49,530 [9] INFO  WebOptimizer.AssetBuilder [(null)] - Generated output and responded to request for '/css/backendBundle.css'
2018-08-28 17:09:50,058 [8] INFO  WebOptimizer.AssetBuilder [(null)] - Generated output and responded to request for '/js/backendBundle.js'
2018-08-28 17:10:24,951 [24] DEBUG Dotnet.Utils.Filter.ModelStateValidationFilter [(null)] - Method: 'Void OnActionExecuting(ActionExecutingContext)'. Line: ~26. ModelStateValidation OnActionExecuting start...
2018-08-28 17:10:24,952 [24] DEBUG Dotnet.Utils.Filter.ModelStateValidationFilter [(null)] - Method: 'Void OnActionExecuting(ActionExecutingContext)'. Line: ~61. ModelStateValidation OnActionExecuting finish...
2018-08-28 17:10:26,518 [13] INFO  WebOptimizer.AssetMiddleware [(null)] - Request started for '/css/backendBundle.css'
2018-08-28 17:10:26,518 [24] INFO  WebOptimizer.AssetMiddleware [(null)] - Request started for '/js/backendBundle.js'
2018-08-28 17:10:26,521 [24] INFO  WebOptimizer.AssetBuilder [(null)] - Responding from memory cache for '/js/backendBundle.js'
2018-08-28 17:10:26,521 [13] INFO  WebOptimizer.AssetBuilder [(null)] - Responding from memory cache for '/css/backendBundle.css'
2018-08-28 17:10:26,884 [9] DEBUG Dotnet.Utils.Filter.ModelStateValidationFilter [(null)] - Method: 'Void OnActionExecuting(ActionExecutingContext)'. Line: ~26. ModelStateValidation OnActionExecuting start...
2018-08-28 17:10:26,886 [9] DEBUG Dotnet.Utils.Filter.ModelStateValidationFilter [(null)] - Method: 'Void OnActionExecuting(ActionExecutingContext)'. Line: ~61. ModelStateValidation OnActionExecuting finish...
2018-08-28 17:10:26,890 [9] DEBUG CAD.Controllers.Setting.SettingController [(null)] - Method: 'JsonResult CategoryGrid(Category)'. Line: ~34. Code:, Description:
2018-08-28 17:10:27,163 [9] ERROR Microsoft.EntityFrameworkCore.Database.Command [(null)] - Failed executing DbCommand (51ms) [Parameters=[], CommandType='Text', CommandTimeout='30']
SELECT "f"."Id", "f"."Code", "f"."Created_Time", "f"."Created_User", "f"."Description", "f"."Modified_Time", "f"."Modified_User"
FROM "Category" AS "f"
2018-08-28 17:10:27,212 [9] ERROR Microsoft.EntityFrameworkCore.Query [(null)] - An exception occurred in the database while iterating the results of a query for context type 'CAD.DefaultContext'.
Microsoft.Data.Sqlite.SqliteException (0x80004005): SQLite Error 1: 'no such table: Category'.
   at Microsoft.Data.Sqlite.SqliteException.ThrowExceptionForRC(Int32 rc, sqlite3 db)
   at Microsoft.Data.Sqlite.SqliteCommand.PrepareAndEnumerateStatements(Stopwatch timer)+MoveNext()
   at Microsoft.Data.Sqlite.SqliteCommand.ExecuteReader(CommandBehavior behavior)
   at System.Data.Common.DbCommand.ExecuteReader()
   at Microsoft.EntityFrameworkCore.Storage.Internal.RelationalCommand.Execute(IRelationalConnection connection, DbCommandMethod executeMethod, IReadOnlyDictionary`2 parameterValues)
   at Microsoft.EntityFrameworkCore.Storage.Internal.RelationalCommand.ExecuteReader(IRelationalConnection connection, IReadOnlyDictionary`2 parameterValues)
   at Microsoft.EntityFrameworkCore.Query.Internal.QueryingEnumerable`1.Enumerator.BufferlessMoveNext(DbContext _, Boolean buffer)
   at Microsoft.EntityFrameworkCore.Query.Internal.QueryingEnumerable`1.Enumerator.MoveNext()
   at Microsoft.EntityFrameworkCore.Query.Internal.LinqOperatorProvider._TrackEntities[TOut,TIn](IEnumerable`1 results, QueryContext queryContext, IList`1 entityTrackingInfos, IList`1 entityAccessors)+MoveNext()
   at Microsoft.EntityFrameworkCore.Query.Internal.LinqOperatorProvider.ExceptionInterceptor`1.EnumeratorExceptionInterceptor.MoveNext()
2018-08-28 17:10:27,418 [9] ERROR Microsoft.AspNetCore.Diagnostics.DeveloperExceptionPageMiddleware [(null)] - An unhandled exception has occurred while executing the request.
2018-08-28 17:11:49,901 [10] DEBUG Dotnet.Utils.Filter.ModelStateValidationFilter [(null)] - Method: 'Void OnActionExecuting(ActionExecutingContext)'. Line: ~26. ModelStateValidation OnActionExecuting start...
2018-08-28 17:11:49,926 [10] DEBUG Dotnet.Utils.Filter.ModelStateValidationFilter [(null)] - Method: 'Void OnActionExecuting(ActionExecutingContext)'. Line: ~61. ModelStateValidation OnActionExecuting finish...
2018-08-28 17:11:50,861 [10] INFO  WebOptimizer.AssetMiddleware [(null)] - Request started for '/js/backendBundle.js'
2018-08-28 17:11:50,861 [8] INFO  WebOptimizer.AssetMiddleware [(null)] - Request started for '/css/backendBundle.css'
2018-08-28 17:11:51,223 [8] INFO  WebOptimizer.AssetBuilder [(null)] - Generated output and responded to request for '/css/backendBundle.css'
2018-08-28 17:11:51,780 [13] INFO  WebOptimizer.AssetBuilder [(null)] - Generated output and responded to request for '/js/backendBundle.js'
2018-08-28 17:11:52,045 [10] DEBUG Dotnet.Utils.Filter.ModelStateValidationFilter [(null)] - Method: 'Void OnActionExecuting(ActionExecutingContext)'. Line: ~26. ModelStateValidation OnActionExecuting start...
2018-08-28 17:11:52,046 [10] DEBUG Dotnet.Utils.Filter.ModelStateValidationFilter [(null)] - Method: 'Void OnActionExecuting(ActionExecutingContext)'. Line: ~61. ModelStateValidation OnActionExecuting finish...
2018-08-28 17:11:52,050 [10] DEBUG CAD.Controllers.Setting.SettingController [(null)] - Method: 'JsonResult CategoryGrid(Category)'. Line: ~34. Code:, Description:
2018-08-28 17:11:52,187 [10] ERROR Microsoft.EntityFrameworkCore.Database.Command [(null)] - Failed executing DbCommand (3ms) [Parameters=[], CommandType='Text', CommandTimeout='30']
SELECT "f"."Id", "f"."Code", "f"."Created_Time", "f"."Created_User", "f"."Description", "f"."Modified_Time", "f"."Modified_User"
FROM "Category" AS "f"
2018-08-28 17:11:52,200 [10] ERROR Microsoft.EntityFrameworkCore.Query [(null)] - An exception occurred in the database while iterating the results of a query for context type 'CAD.DefaultContext'.
Microsoft.Data.Sqlite.SqliteException (0x80004005): SQLite Error 1: 'no such table: Category'.
   at Microsoft.Data.Sqlite.SqliteException.ThrowExceptionForRC(Int32 rc, sqlite3 db)
   at Microsoft.Data.Sqlite.SqliteCommand.PrepareAndEnumerateStatements(Stopwatch timer)+MoveNext()
   at Microsoft.Data.Sqlite.SqliteCommand.ExecuteReader(CommandBehavior behavior)
   at System.Data.Common.DbCommand.ExecuteReader()
   at Microsoft.EntityFrameworkCore.Storage.Internal.RelationalCommand.Execute(IRelationalConnection connection, DbCommandMethod executeMethod, IReadOnlyDictionary`2 parameterValues)
   at Microsoft.EntityFrameworkCore.Storage.Internal.RelationalCommand.ExecuteReader(IRelationalConnection connection, IReadOnlyDictionary`2 parameterValues)
   at Microsoft.EntityFrameworkCore.Query.Internal.QueryingEnumerable`1.Enumerator.BufferlessMoveNext(DbContext _, Boolean buffer)
   at Microsoft.EntityFrameworkCore.Query.Internal.QueryingEnumerable`1.Enumerator.MoveNext()
   at Microsoft.EntityFrameworkCore.Query.Internal.LinqOperatorProvider._TrackEntities[TOut,TIn](IEnumerable`1 results, QueryContext queryContext, IList`1 entityTrackingInfos, IList`1 entityAccessors)+MoveNext()
   at Microsoft.EntityFrameworkCore.Query.Internal.LinqOperatorProvider.ExceptionInterceptor`1.EnumeratorExceptionInterceptor.MoveNext()
2018-08-28 17:11:52,273 [10] ERROR Microsoft.AspNetCore.Diagnostics.DeveloperExceptionPageMiddleware [(null)] - An unhandled exception has occurred while executing the request.
2018-08-28 17:12:44,970 [1] ERROR Microsoft.EntityFrameworkCore.Database.Command [(null)] - Failed executing DbCommand (3ms) [Parameters=[], CommandType='Text', CommandTimeout='30']
CREATE TABLE "Identity_Role" (
    "Id" TEXT NOT NULL CONSTRAINT "PK_Identity_Role" PRIMARY KEY,
    "Created_Time" TEXT NOT NULL,
    "Modified_Time" TEXT NOT NULL,
    "Created_User" TEXT NOT NULL,
    "Modified_User" TEXT NOT NULL,
    "Code" TEXT NOT NULL,
    "Description" TEXT NULL
);
2018-08-28 17:17:26,098 [9] DEBUG Dotnet.Utils.Filter.ModelStateValidationFilter [(null)] - Method: 'Void OnActionExecuting(ActionExecutingContext)'. Line: ~26. ModelStateValidation OnActionExecuting start...
2018-08-28 17:17:26,131 [9] DEBUG Dotnet.Utils.Filter.ModelStateValidationFilter [(null)] - Method: 'Void OnActionExecuting(ActionExecutingContext)'. Line: ~61. ModelStateValidation OnActionExecuting finish...
2018-08-28 17:17:27,042 [7] INFO  WebOptimizer.AssetMiddleware [(null)] - Request started for '/css/backendBundle.css'
2018-08-28 17:17:27,042 [8] INFO  WebOptimizer.AssetMiddleware [(null)] - Request started for '/js/backendBundle.js'
2018-08-28 17:17:27,413 [12] INFO  WebOptimizer.AssetBuilder [(null)] - Generated output and responded to request for '/css/backendBundle.css'
2018-08-28 17:17:27,976 [8] INFO  WebOptimizer.AssetBuilder [(null)] - Generated output and responded to request for '/js/backendBundle.js'
2018-08-28 17:17:28,232 [8] DEBUG Dotnet.Utils.Filter.ModelStateValidationFilter [(null)] - Method: 'Void OnActionExecuting(ActionExecutingContext)'. Line: ~26. ModelStateValidation OnActionExecuting start...
2018-08-28 17:17:28,234 [8] DEBUG Dotnet.Utils.Filter.ModelStateValidationFilter [(null)] - Method: 'Void OnActionExecuting(ActionExecutingContext)'. Line: ~61. ModelStateValidation OnActionExecuting finish...
2018-08-28 17:17:28,239 [8] DEBUG CAD.Controllers.Setting.SettingController [(null)] - Method: 'JsonResult CategoryGrid(Category)'. Line: ~34. Code:, Description:
2018-08-28 17:25:36,076 [10] DEBUG Dotnet.Utils.Filter.ModelStateValidationFilter [(null)] - Method: 'Void OnActionExecuting(ActionExecutingContext)'. Line: ~26. ModelStateValidation OnActionExecuting start...
2018-08-28 17:25:36,100 [10] DEBUG Dotnet.Utils.Filter.ModelStateValidationFilter [(null)] - Method: 'Void OnActionExecuting(ActionExecutingContext)'. Line: ~61. ModelStateValidation OnActionExecuting finish...
2018-08-28 17:25:36,948 [9] INFO  WebOptimizer.AssetMiddleware [(null)] - Request started for '/css/backendBundle.css'
2018-08-28 17:25:36,948 [10] INFO  WebOptimizer.AssetMiddleware [(null)] - Request started for '/js/backendBundle.js'
2018-08-28 17:25:37,371 [10] INFO  WebOptimizer.AssetBuilder [(null)] - Generated output and responded to request for '/css/backendBundle.css'
2018-08-28 17:25:38,068 [8] INFO  WebOptimizer.AssetBuilder [(null)] - Generated output and responded to request for '/js/backendBundle.js'
2018-08-28 17:25:38,325 [8] DEBUG Dotnet.Utils.Filter.ModelStateValidationFilter [(null)] - Method: 'Void OnActionExecuting(ActionExecutingContext)'. Line: ~26. ModelStateValidation OnActionExecuting start...
2018-08-28 17:25:38,333 [8] DEBUG Dotnet.Utils.Filter.ModelStateValidationFilter [(null)] - Method: 'Void OnActionExecuting(ActionExecutingContext)'. Line: ~61. ModelStateValidation OnActionExecuting finish...
2018-08-28 17:25:38,336 [8] DEBUG CAD.Controllers.Setting.SettingController [(null)] - Method: 'JsonResult CategoryGrid(Category)'. Line: ~34. Code:, Description:
2018-08-28 17:44:47,671 [49] DEBUG Dotnet.Utils.Filter.ModelStateValidationFilter [(null)] - Method: 'Void OnActionExecuting(ActionExecutingContext)'. Line: ~26. ModelStateValidation OnActionExecuting start...
2018-08-28 17:44:47,672 [49] DEBUG Dotnet.Utils.Filter.ModelStateValidationFilter [(null)] - Method: 'Void OnActionExecuting(ActionExecutingContext)'. Line: ~61. ModelStateValidation OnActionExecuting finish...
2018-08-28 17:44:49,111 [52] INFO  WebOptimizer.AssetMiddleware [(null)] - Request started for '/css/frontendBundle.css'
2018-08-28 17:44:49,111 [55] INFO  WebOptimizer.AssetMiddleware [(null)] - Request started for '/js/frontendBundle.js'
2018-08-28 17:44:49,230 [52] INFO  WebOptimizer.AssetBuilder [(null)] - Generated output and responded to request for '/css/frontendBundle.css'
2018-08-28 17:44:49,359 [52] INFO  WebOptimizer.AssetBuilder [(null)] - Generated output and responded to request for '/js/frontendBundle.js'
2018-08-28 17:45:26,371 [40] DEBUG Dotnet.Utils.Filter.ModelStateValidationFilter [(null)] - Method: 'Void OnActionExecuting(ActionExecutingContext)'. Line: ~26. ModelStateValidation OnActionExecuting start...
2018-08-28 17:45:26,371 [40] DEBUG Dotnet.Utils.Filter.ModelStateValidationFilter [(null)] - Method: 'Void OnActionExecuting(ActionExecutingContext)'. Line: ~61. ModelStateValidation OnActionExecuting finish...
2018-08-28 17:45:26,715 [42] INFO  WebOptimizer.AssetMiddleware [(null)] - Request started for '/css/frontendBundle.css'
2018-08-28 17:45:26,715 [40] INFO  WebOptimizer.AssetMiddleware [(null)] - Request started for '/js/frontendBundle.js'
2018-08-28 17:45:26,716 [42] INFO  WebOptimizer.AssetBuilder [(null)] - Responding from memory cache for '/css/frontendBundle.css'
2018-08-28 17:45:26,717 [40] INFO  WebOptimizer.AssetBuilder [(null)] - Responding from memory cache for '/js/frontendBundle.js'
2018-08-28 17:46:26,354 [44] DEBUG Dotnet.Utils.Filter.ModelStateValidationFilter [(null)] - Method: 'Void OnActionExecuting(ActionExecutingContext)'. Line: ~26. ModelStateValidation OnActionExecuting start...
2018-08-28 17:46:26,355 [44] DEBUG Dotnet.Utils.Filter.ModelStateValidationFilter [(null)] - Method: 'Void OnActionExecuting(ActionExecutingContext)'. Line: ~61. ModelStateValidation OnActionExecuting finish...
2018-08-28 17:46:26,592 [35] INFO  WebOptimizer.AssetMiddleware [(null)] - Request started for '/css/frontendBundle.css'
2018-08-28 17:46:26,593 [35] INFO  WebOptimizer.AssetBuilder [(null)] - Responding from memory cache for '/css/frontendBundle.css'
2018-08-28 17:46:26,595 [35] INFO  WebOptimizer.AssetMiddleware [(null)] - Request started for '/js/frontendBundle.js'
2018-08-28 17:46:26,601 [35] INFO  WebOptimizer.AssetBuilder [(null)] - Responding from memory cache for '/js/frontendBundle.js'
2018-08-28 17:46:44,446 [32] DEBUG Dotnet.Utils.Filter.ModelStateValidationFilter [(null)] - Method: 'Void OnActionExecuting(ActionExecutingContext)'. Line: ~26. ModelStateValidation OnActionExecuting start...
2018-08-28 17:46:44,447 [32] DEBUG Dotnet.Utils.Filter.ModelStateValidationFilter [(null)] - Method: 'Void OnActionExecuting(ActionExecutingContext)'. Line: ~61. ModelStateValidation OnActionExecuting finish...
2018-08-28 17:46:44,683 [35] INFO  WebOptimizer.AssetMiddleware [(null)] - Request started for '/css/frontendBundle.css'
2018-08-28 17:46:44,683 [32] INFO  WebOptimizer.AssetMiddleware [(null)] - Request started for '/js/frontendBundle.js'
2018-08-28 17:46:44,683 [35] INFO  WebOptimizer.AssetBuilder [(null)] - Responding from memory cache for '/css/frontendBundle.css'
2018-08-28 17:46:44,684 [32] INFO  WebOptimizer.AssetBuilder [(null)] - Responding from memory cache for '/js/frontendBundle.js'
2018-08-28 17:46:53,184 [31] DEBUG Dotnet.Utils.Filter.ModelStateValidationFilter [(null)] - Method: 'Void OnActionExecuting(ActionExecutingContext)'. Line: ~26. ModelStateValidation OnActionExecuting start...
2018-08-28 17:46:53,184 [31] DEBUG Dotnet.Utils.Filter.ModelStateValidationFilter [(null)] - Method: 'Void OnActionExecuting(ActionExecutingContext)'. Line: ~61. ModelStateValidation OnActionExecuting finish...
2018-08-28 17:46:53,468 [28] INFO  WebOptimizer.AssetMiddleware [(null)] - Request started for '/css/frontendBundle.css'
2018-08-28 17:46:53,468 [29] INFO  WebOptimizer.AssetMiddleware [(null)] - Request started for '/js/frontendBundle.js'
2018-08-28 17:46:53,469 [28] INFO  WebOptimizer.AssetBuilder [(null)] - Responding from memory cache for '/css/frontendBundle.css'
2018-08-28 17:46:53,472 [29] INFO  WebOptimizer.AssetBuilder [(null)] - Responding from memory cache for '/js/frontendBundle.js'
2018-08-28 17:49:34,163 [12] DEBUG Dotnet.Utils.Filter.ModelStateValidationFilter [(null)] - Method: 'Void OnActionExecuting(ActionExecutingContext)'. Line: ~26. ModelStateValidation OnActionExecuting start...
2018-08-28 17:49:34,164 [12] DEBUG Dotnet.Utils.Filter.ModelStateValidationFilter [(null)] - Method: 'Void OnActionExecuting(ActionExecutingContext)'. Line: ~61. ModelStateValidation OnActionExecuting finish...
2018-08-28 17:49:34,205 [21] INFO  WebOptimizer.AssetMiddleware [(null)] - Request started for '/css/frontendBundle.css'
2018-08-28 17:49:34,205 [12] INFO  WebOptimizer.AssetMiddleware [(null)] - Request started for '/js/frontendBundle.js'
2018-08-28 17:49:34,206 [21] INFO  WebOptimizer.AssetBuilder [(null)] - Responding from memory cache for '/css/frontendBundle.css'
2018-08-28 17:49:34,400 [14] INFO  WebOptimizer.AssetBuilder [(null)] - Generated output and responded to request for '/js/frontendBundle.js'
2018-08-28 17:50:30,408 [57] DEBUG Dotnet.Utils.Filter.ModelStateValidationFilter [(null)] - Method: 'Void OnActionExecuting(ActionExecutingContext)'. Line: ~26. ModelStateValidation OnActionExecuting start...
2018-08-28 17:50:30,408 [57] DEBUG Dotnet.Utils.Filter.ModelStateValidationFilter [(null)] - Method: 'Void OnActionExecuting(ActionExecutingContext)'. Line: ~61. ModelStateValidation OnActionExecuting finish...
2018-08-28 17:50:30,509 [57] INFO  WebOptimizer.AssetMiddleware [(null)] - Request started for '/css/frontendBundle.css'
2018-08-28 17:50:30,510 [10] INFO  WebOptimizer.AssetMiddleware [(null)] - Request started for '/js/frontendBundle.js'
2018-08-28 17:50:30,510 [57] INFO  WebOptimizer.AssetBuilder [(null)] - Responding from memory cache for '/css/frontendBundle.css'
2018-08-28 17:50:30,729 [56] INFO  WebOptimizer.AssetBuilder [(null)] - Generated output and responded to request for '/js/frontendBundle.js'
2018-08-28 17:51:06,873 [64] DEBUG Dotnet.Utils.Filter.ModelStateValidationFilter [(null)] - Method: 'Void OnActionExecuting(ActionExecutingContext)'. Line: ~26. ModelStateValidation OnActionExecuting start...
2018-08-28 17:51:06,874 [64] DEBUG Dotnet.Utils.Filter.ModelStateValidationFilter [(null)] - Method: 'Void OnActionExecuting(ActionExecutingContext)'. Line: ~61. ModelStateValidation OnActionExecuting finish...
2018-08-28 17:51:06,991 [63] INFO  WebOptimizer.AssetMiddleware [(null)] - Request started for '/css/frontendBundle.css'
2018-08-28 17:51:06,991 [64] INFO  WebOptimizer.AssetMiddleware [(null)] - Request started for '/js/frontendBundle.js'
2018-08-28 17:51:06,992 [63] INFO  WebOptimizer.AssetBuilder [(null)] - Responding from memory cache for '/css/frontendBundle.css'
2018-08-28 17:51:07,218 [65] INFO  WebOptimizer.AssetBuilder [(null)] - Generated output and responded to request for '/js/frontendBundle.js'
2018-08-28 17:51:36,047 [9] DEBUG Dotnet.Utils.Filter.ModelStateValidationFilter [(null)] - Method: 'Void OnActionExecuting(ActionExecutingContext)'. Line: ~26. ModelStateValidation OnActionExecuting start...
2018-08-28 17:51:36,047 [9] DEBUG Dotnet.Utils.Filter.ModelStateValidationFilter [(null)] - Method: 'Void OnActionExecuting(ActionExecutingContext)'. Line: ~61. ModelStateValidation OnActionExecuting finish...
2018-08-28 17:51:36,144 [9] INFO  WebOptimizer.AssetMiddleware [(null)] - Request started for '/js/frontendBundle.js'
2018-08-28 17:51:36,144 [10] INFO  WebOptimizer.AssetMiddleware [(null)] - Request started for '/css/frontendBundle.css'
2018-08-28 17:51:36,149 [10] INFO  WebOptimizer.AssetBuilder [(null)] - Responding from memory cache for '/css/frontendBundle.css'
2018-08-28 17:51:36,339 [58] INFO  WebOptimizer.AssetBuilder [(null)] - Generated output and responded to request for '/js/frontendBundle.js'
2018-08-28 17:53:11,731 [28] DEBUG Dotnet.Utils.Filter.ModelStateValidationFilter [(null)] - Method: 'Void OnActionExecuting(ActionExecutingContext)'. Line: ~26. ModelStateValidation OnActionExecuting start...
2018-08-28 17:53:11,732 [28] DEBUG Dotnet.Utils.Filter.ModelStateValidationFilter [(null)] - Method: 'Void OnActionExecuting(ActionExecutingContext)'. Line: ~61. ModelStateValidation OnActionExecuting finish...
2018-08-28 17:53:11,853 [28] INFO  WebOptimizer.AssetMiddleware [(null)] - Request started for '/js/frontendBundle.js'
2018-08-28 17:53:11,853 [29] INFO  WebOptimizer.AssetMiddleware [(null)] - Request started for '/css/frontendBundle.css'
2018-08-28 17:53:11,855 [29] INFO  WebOptimizer.AssetBuilder [(null)] - Responding from memory cache for '/css/frontendBundle.css'
2018-08-28 17:53:12,080 [20] INFO  WebOptimizer.AssetBuilder [(null)] - Generated output and responded to request for '/js/frontendBundle.js'
2018-08-28 17:55:03,751 [10] DEBUG Dotnet.Utils.Filter.ModelStateValidationFilter [(null)] - Method: 'Void OnActionExecuting(ActionExecutingContext)'. Line: ~26. ModelStateValidation OnActionExecuting start...
2018-08-28 17:55:03,751 [10] DEBUG Dotnet.Utils.Filter.ModelStateValidationFilter [(null)] - Method: 'Void OnActionExecuting(ActionExecutingContext)'. Line: ~61. ModelStateValidation OnActionExecuting finish...
2018-08-28 17:55:04,101 [9] INFO  WebOptimizer.AssetMiddleware [(null)] - Request started for '/css/frontendBundle.css'
2018-08-28 17:55:04,102 [9] INFO  WebOptimizer.AssetBuilder [(null)] - Responding from memory cache for '/css/frontendBundle.css'
2018-08-28 17:55:04,105 [21] INFO  WebOptimizer.AssetMiddleware [(null)] - Request started for '/js/frontendBundle.js'
2018-08-28 17:55:04,106 [21] INFO  WebOptimizer.AssetBuilder [(null)] - Responding from memory cache for '/js/frontendBundle.js'
2018-08-28 17:55:34,798 [21] DEBUG Dotnet.Utils.Filter.ModelStateValidationFilter [(null)] - Method: 'Void OnActionExecuting(ActionExecutingContext)'. Line: ~26. ModelStateValidation OnActionExecuting start...
2018-08-28 17:55:34,799 [21] DEBUG Dotnet.Utils.Filter.ModelStateValidationFilter [(null)] - Method: 'Void OnActionExecuting(ActionExecutingContext)'. Line: ~61. ModelStateValidation OnActionExecuting finish...
2018-08-28 17:55:34,922 [21] INFO  WebOptimizer.AssetMiddleware [(null)] - Request started for '/css/frontendBundle.css'
2018-08-28 17:55:34,923 [29] INFO  WebOptimizer.AssetMiddleware [(null)] - Request started for '/js/frontendBundle.js'
2018-08-28 17:55:34,924 [21] INFO  WebOptimizer.AssetBuilder [(null)] - Responding from memory cache for '/css/frontendBundle.css'
2018-08-28 17:55:34,926 [29] INFO  WebOptimizer.AssetBuilder [(null)] - Responding from memory cache for '/js/frontendBundle.js'
2018-08-28 17:56:04,643 [57] DEBUG Dotnet.Utils.Filter.ModelStateValidationFilter [(null)] - Method: 'Void OnActionExecuting(ActionExecutingContext)'. Line: ~26. ModelStateValidation OnActionExecuting start...
2018-08-28 17:56:04,647 [57] DEBUG Dotnet.Utils.Filter.ModelStateValidationFilter [(null)] - Method: 'Void OnActionExecuting(ActionExecutingContext)'. Line: ~61. ModelStateValidation OnActionExecuting finish...
2018-08-28 17:56:04,918 [19] INFO  WebOptimizer.AssetMiddleware [(null)] - Request started for '/css/frontendBundle.css'
2018-08-28 17:56:04,918 [57] INFO  WebOptimizer.AssetMiddleware [(null)] - Request started for '/js/frontendBundle.js'
2018-08-28 17:56:04,920 [57] INFO  WebOptimizer.AssetBuilder [(null)] - Responding from memory cache for '/js/frontendBundle.js'
2018-08-28 17:56:04,918 [19] INFO  WebOptimizer.AssetBuilder [(null)] - Responding from memory cache for '/css/frontendBundle.css'
2018-08-28 17:56:49,892 [59] DEBUG Dotnet.Utils.Filter.ModelStateValidationFilter [(null)] - Method: 'Void OnActionExecuting(ActionExecutingContext)'. Line: ~26. ModelStateValidation OnActionExecuting start...
2018-08-28 17:56:49,895 [59] DEBUG Dotnet.Utils.Filter.ModelStateValidationFilter [(null)] - Method: 'Void OnActionExecuting(ActionExecutingContext)'. Line: ~61. ModelStateValidation OnActionExecuting finish...
2018-08-28 17:56:50,144 [37] INFO  WebOptimizer.AssetMiddleware [(null)] - Request started for '/css/frontendBundle.css'
2018-08-28 17:56:50,144 [59] INFO  WebOptimizer.AssetMiddleware [(null)] - Request started for '/js/frontendBundle.js'
2018-08-28 17:56:50,147 [59] INFO  WebOptimizer.AssetBuilder [(null)] - Responding from memory cache for '/js/frontendBundle.js'
2018-08-28 17:56:50,147 [37] INFO  WebOptimizer.AssetBuilder [(null)] - Responding from memory cache for '/css/frontendBundle.css'
2018-08-28 17:57:18,031 [7] DEBUG Dotnet.Utils.Filter.ModelStateValidationFilter [(null)] - Method: 'Void OnActionExecuting(ActionExecutingContext)'. Line: ~26. ModelStateValidation OnActionExecuting start...
2018-08-28 17:57:18,032 [7] DEBUG Dotnet.Utils.Filter.ModelStateValidationFilter [(null)] - Method: 'Void OnActionExecuting(ActionExecutingContext)'. Line: ~61. ModelStateValidation OnActionExecuting finish...
2018-08-28 17:57:18,281 [61] INFO  WebOptimizer.AssetMiddleware [(null)] - Request started for '/css/frontendBundle.css'
2018-08-28 17:57:18,282 [7] INFO  WebOptimizer.AssetMiddleware [(null)] - Request started for '/js/frontendBundle.js'
2018-08-28 17:57:18,282 [61] INFO  WebOptimizer.AssetBuilder [(null)] - Responding from memory cache for '/css/frontendBundle.css'
2018-08-28 17:57:18,482 [61] INFO  WebOptimizer.AssetBuilder [(null)] - Generated output and responded to request for '/js/frontendBundle.js'
2018-08-28 17:58:03,825 [31] DEBUG Dotnet.Utils.Filter.ModelStateValidationFilter [(null)] - Method: 'Void OnActionExecuting(ActionExecutingContext)'. Line: ~26. ModelStateValidation OnActionExecuting start...
2018-08-28 17:58:03,826 [31] DEBUG Dotnet.Utils.Filter.ModelStateValidationFilter [(null)] - Method: 'Void OnActionExecuting(ActionExecutingContext)'. Line: ~61. ModelStateValidation OnActionExecuting finish...
2018-08-28 17:58:04,073 [39] INFO  WebOptimizer.AssetMiddleware [(null)] - Request started for '/css/frontendBundle.css'
2018-08-28 17:58:04,075 [31] INFO  WebOptimizer.AssetMiddleware [(null)] - Request started for '/js/frontendBundle.js'
2018-08-28 17:58:04,076 [39] INFO  WebOptimizer.AssetBuilder [(null)] - Responding from memory cache for '/css/frontendBundle.css'
2018-08-28 17:58:04,076 [31] INFO  WebOptimizer.AssetBuilder [(null)] - Responding from memory cache for '/js/frontendBundle.js'
2018-08-28 17:58:23,586 [39] DEBUG Dotnet.Utils.Filter.ModelStateValidationFilter [(null)] - Method: 'Void OnActionExecuting(ActionExecutingContext)'. Line: ~26. ModelStateValidation OnActionExecuting start...
2018-08-28 17:58:23,587 [39] DEBUG Dotnet.Utils.Filter.ModelStateValidationFilter [(null)] - Method: 'Void OnActionExecuting(ActionExecutingContext)'. Line: ~61. ModelStateValidation OnActionExecuting finish...
2018-08-28 17:58:23,873 [45] INFO  WebOptimizer.AssetMiddleware [(null)] - Request started for '/css/frontendBundle.css'
2018-08-28 17:58:23,875 [45] INFO  WebOptimizer.AssetBuilder [(null)] - Responding from memory cache for '/css/frontendBundle.css'
2018-08-28 17:58:23,877 [39] INFO  WebOptimizer.AssetMiddleware [(null)] - Request started for '/js/frontendBundle.js'
2018-08-28 17:58:23,880 [39] INFO  WebOptimizer.AssetBuilder [(null)] - Responding from memory cache for '/js/frontendBundle.js'
2018-08-28 17:58:33,673 [41] DEBUG Dotnet.Utils.Filter.ModelStateValidationFilter [(null)] - Method: 'Void OnActionExecuting(ActionExecutingContext)'. Line: ~26. ModelStateValidation OnActionExecuting start...
2018-08-28 17:58:33,674 [41] DEBUG Dotnet.Utils.Filter.ModelStateValidationFilter [(null)] - Method: 'Void OnActionExecuting(ActionExecutingContext)'. Line: ~61. ModelStateValidation OnActionExecuting finish...
2018-08-28 17:58:33,923 [41] INFO  WebOptimizer.AssetMiddleware [(null)] - Request started for '/css/frontendBundle.css'
2018-08-28 17:58:33,923 [42] INFO  WebOptimizer.AssetMiddleware [(null)] - Request started for '/js/frontendBundle.js'
2018-08-28 17:58:33,925 [41] INFO  WebOptimizer.AssetBuilder [(null)] - Responding from memory cache for '/css/frontendBundle.css'
2018-08-28 17:58:33,927 [42] INFO  WebOptimizer.AssetBuilder [(null)] - Responding from memory cache for '/js/frontendBundle.js'
2018-08-28 17:58:50,008 [40] DEBUG Dotnet.Utils.Filter.ModelStateValidationFilter [(null)] - Method: 'Void OnActionExecuting(ActionExecutingContext)'. Line: ~26. ModelStateValidation OnActionExecuting start...
2018-08-28 17:58:50,010 [40] DEBUG Dotnet.Utils.Filter.ModelStateValidationFilter [(null)] - Method: 'Void OnActionExecuting(ActionExecutingContext)'. Line: ~61. ModelStateValidation OnActionExecuting finish...
2018-08-28 17:58:50,272 [54] INFO  WebOptimizer.AssetMiddleware [(null)] - Request started for '/css/frontendBundle.css'
2018-08-28 17:58:50,274 [40] INFO  WebOptimizer.AssetMiddleware [(null)] - Request started for '/js/frontendBundle.js'
2018-08-28 17:58:50,275 [54] INFO  WebOptimizer.AssetBuilder [(null)] - Responding from memory cache for '/css/frontendBundle.css'
2018-08-28 17:58:50,275 [40] INFO  WebOptimizer.AssetBuilder [(null)] - Responding from memory cache for '/js/frontendBundle.js'
