2018-09-06 05:26:11,232 [7] DEBUG Dotnet.Utils.Filter.ModelStateValidationFilter [(null)] - Method: 'Void OnActionExecuting(ActionExecutingContext)'. Line: ~26. ModelStateValidation OnActionExecuting start...
2018-09-06 05:26:11,352 [7] DEBUG Dotnet.Utils.Filter.ModelStateValidationFilter [(null)] - Method: 'Void OnActionExecuting(ActionExecutingContext)'. Line: ~61. ModelStateValidation OnActionExecuting finish...
2018-09-06 05:26:12,115 [7] INFO  WebOptimizer.AssetMiddleware [(null)] - Request started for '/js/bundle.js'
2018-09-06 05:26:12,115 [9] INFO  WebOptimizer.AssetMiddleware [(null)] - Request started for '/css/bundle.css'
2018-09-06 05:26:12,646 [14] INFO  WebOptimizer.AssetBuilder [(null)] - Generated output and responded to request for '/css/bundle.css'
2018-09-06 05:26:13,335 [7] INFO  WebOptimizer.AssetBuilder [(null)] - Generated output and responded to request for '/js/bundle.js'
2018-09-06 05:26:15,525 [9] DEBUG Dotnet.Utils.Filter.ModelStateValidationFilter [(null)] - Method: 'Void OnActionExecuting(ActionExecutingContext)'. Line: ~26. ModelStateValidation OnActionExecuting start...
2018-09-06 05:26:15,526 [9] DEBUG Dotnet.Utils.Filter.ModelStateValidationFilter [(null)] - Method: 'Void OnActionExecuting(ActionExecutingContext)'. Line: ~61. ModelStateValidation OnActionExecuting finish...
2018-09-06 05:26:18,209 [14] DEBUG Dotnet.Utils.Filter.ModelStateValidationFilter [(null)] - Method: 'Void OnActionExecuting(ActionExecutingContext)'. Line: ~26. ModelStateValidation OnActionExecuting start...
2018-09-06 05:26:18,210 [14] DEBUG Dotnet.Utils.Filter.ModelStateValidationFilter [(null)] - Method: 'Void OnActionExecuting(ActionExecutingContext)'. Line: ~61. ModelStateValidation OnActionExecuting finish...
2018-09-06 05:26:18,215 [14] DEBUG CAD.Controllers.Setting.SettingController [(null)] - Method: 'JsonResult LessonGrid(Lesson)'. Line: ~30. Name:, Description:
2018-09-06 05:28:04,828 [20] DEBUG Dotnet.Utils.Filter.ModelStateValidationFilter [(null)] - Method: 'Void OnActionExecuting(ActionExecutingContext)'. Line: ~26. ModelStateValidation OnActionExecuting start...
2018-09-06 05:28:04,828 [20] DEBUG Dotnet.Utils.Filter.ModelStateValidationFilter [(null)] - Method: 'Void OnActionExecuting(ActionExecutingContext)'. Line: ~61. ModelStateValidation OnActionExecuting finish...
2018-09-06 05:30:18,019 [30] DEBUG Dotnet.Utils.Filter.ModelStateValidationFilter [(null)] - Method: 'Void OnActionExecuting(ActionExecutingContext)'. Line: ~26. ModelStateValidation OnActionExecuting start...
2018-09-06 05:30:18,021 [30] DEBUG Dotnet.Utils.Filter.ModelStateValidationFilter [(null)] - Method: 'Void OnActionExecuting(ActionExecutingContext)'. Line: ~61. ModelStateValidation OnActionExecuting finish...
2018-09-06 05:30:18,059 [30] INFO  WebOptimizer.AssetMiddleware [(null)] - Request started for '/js/bundle.js'
2018-09-06 05:30:18,059 [29] INFO  WebOptimizer.AssetMiddleware [(null)] - Request started for '/css/bundle.css'
2018-09-06 05:30:18,061 [29] INFO  WebOptimizer.AssetBuilder [(null)] - Responding from memory cache for '/css/bundle.css'
2018-09-06 05:30:18,061 [30] INFO  WebOptimizer.AssetBuilder [(null)] - Responding from memory cache for '/js/bundle.js'
2018-09-06 05:33:23,792 [38] DEBUG Dotnet.Utils.Filter.ModelStateValidationFilter [(null)] - Method: 'Void OnActionExecuting(ActionExecutingContext)'. Line: ~26. ModelStateValidation OnActionExecuting start...
2018-09-06 05:33:23,792 [38] DEBUG Dotnet.Utils.Filter.ModelStateValidationFilter [(null)] - Method: 'Void OnActionExecuting(ActionExecutingContext)'. Line: ~61. ModelStateValidation OnActionExecuting finish...
2018-09-06 05:33:23,842 [46] INFO  WebOptimizer.AssetMiddleware [(null)] - Request started for '/css/bundle.css'
2018-09-06 05:33:23,842 [38] INFO  WebOptimizer.AssetMiddleware [(null)] - Request started for '/js/bundle.js'
2018-09-06 05:33:23,844 [38] INFO  WebOptimizer.AssetBuilder [(null)] - Responding from memory cache for '/js/bundle.js'
2018-09-06 05:33:23,843 [46] INFO  WebOptimizer.AssetBuilder [(null)] - Responding from memory cache for '/css/bundle.css'
2018-09-06 05:34:32,129 [51] DEBUG Dotnet.Utils.Filter.ModelStateValidationFilter [(null)] - Method: 'Void OnActionExecuting(ActionExecutingContext)'. Line: ~26. ModelStateValidation OnActionExecuting start...
2018-09-06 05:34:32,161 [51] DEBUG Dotnet.Utils.Filter.ModelStateValidationFilter [(null)] - Method: 'Void OnActionExecuting(ActionExecutingContext)'. Line: ~61. ModelStateValidation OnActionExecuting finish...
2018-09-06 05:36:31,565 [41] DEBUG Dotnet.Utils.Filter.ModelStateValidationFilter [(null)] - Method: 'Void OnActionExecuting(ActionExecutingContext)'. Line: ~26. ModelStateValidation OnActionExecuting start...
2018-09-06 05:36:31,566 [41] DEBUG Dotnet.Utils.Filter.ModelStateValidationFilter [(null)] - Method: 'Void OnActionExecuting(ActionExecutingContext)'. Line: ~61. ModelStateValidation OnActionExecuting finish...
2018-09-06 05:36:33,928 [53] INFO  WebOptimizer.AssetMiddleware [(null)] - Request started for '/css/bundle.css'
2018-09-06 05:36:33,932 [41] INFO  WebOptimizer.AssetMiddleware [(null)] - Request started for '/js/bundle.js'
2018-09-06 05:36:34,271 [53] INFO  WebOptimizer.AssetBuilder [(null)] - Responding from memory cache for '/css/bundle.css'
2018-09-06 05:36:34,271 [41] INFO  WebOptimizer.AssetBuilder [(null)] - Responding from memory cache for '/js/bundle.js'
2018-09-06 05:37:52,582 [64] DEBUG Dotnet.Utils.Filter.ModelStateValidationFilter [(null)] - Method: 'Void OnActionExecuting(ActionExecutingContext)'. Line: ~26. ModelStateValidation OnActionExecuting start...
2018-09-06 05:37:52,582 [64] DEBUG Dotnet.Utils.Filter.ModelStateValidationFilter [(null)] - Method: 'Void OnActionExecuting(ActionExecutingContext)'. Line: ~61. ModelStateValidation OnActionExecuting finish...
2018-09-06 05:37:52,612 [60] INFO  WebOptimizer.AssetMiddleware [(null)] - Request started for '/css/bundle.css'
2018-09-06 05:37:52,612 [64] INFO  WebOptimizer.AssetMiddleware [(null)] - Request started for '/js/bundle.js'
2018-09-06 05:37:52,613 [60] INFO  WebOptimizer.AssetBuilder [(null)] - Responding from memory cache for '/css/bundle.css'
2018-09-06 05:37:52,613 [64] INFO  WebOptimizer.AssetBuilder [(null)] - Responding from memory cache for '/js/bundle.js'
2018-09-06 05:44:13,317 [67] DEBUG Dotnet.Utils.Filter.ModelStateValidationFilter [(null)] - Method: 'Void OnActionExecuting(ActionExecutingContext)'. Line: ~26. ModelStateValidation OnActionExecuting start...
2018-09-06 05:44:13,317 [67] DEBUG Dotnet.Utils.Filter.ModelStateValidationFilter [(null)] - Method: 'Void OnActionExecuting(ActionExecutingContext)'. Line: ~61. ModelStateValidation OnActionExecuting finish...
2018-09-06 05:44:13,590 [67] INFO  WebOptimizer.AssetMiddleware [(null)] - Request started for '/css/bundle.css'
2018-09-06 05:44:13,592 [67] INFO  WebOptimizer.AssetBuilder [(null)] - Responding from memory cache for '/css/bundle.css'
2018-09-06 05:44:13,604 [78] INFO  WebOptimizer.AssetMiddleware [(null)] - Request started for '/js/bundle.js'
2018-09-06 05:44:13,606 [78] INFO  WebOptimizer.AssetBuilder [(null)] - Responding from memory cache for '/js/bundle.js'
2018-09-06 05:44:52,717 [82] DEBUG Dotnet.Utils.Filter.ModelStateValidationFilter [(null)] - Method: 'Void OnActionExecuting(ActionExecutingContext)'. Line: ~26. ModelStateValidation OnActionExecuting start...
2018-09-06 05:44:52,717 [82] DEBUG Dotnet.Utils.Filter.ModelStateValidationFilter [(null)] - Method: 'Void OnActionExecuting(ActionExecutingContext)'. Line: ~61. ModelStateValidation OnActionExecuting finish...
2018-09-06 05:44:52,967 [78] INFO  WebOptimizer.AssetMiddleware [(null)] - Request started for '/js/bundle.js'
2018-09-06 05:44:52,967 [77] INFO  WebOptimizer.AssetMiddleware [(null)] - Request started for '/css/bundle.css'
2018-09-06 05:44:52,968 [78] INFO  WebOptimizer.AssetBuilder [(null)] - Responding from memory cache for '/js/bundle.js'
2018-09-06 05:44:52,969 [77] INFO  WebOptimizer.AssetBuilder [(null)] - Responding from memory cache for '/css/bundle.css'
2018-09-06 05:44:54,550 [77] DEBUG Dotnet.Utils.Filter.ModelStateValidationFilter [(null)] - Method: 'Void OnActionExecuting(ActionExecutingContext)'. Line: ~26. ModelStateValidation OnActionExecuting start...
2018-09-06 05:44:54,553 [77] DEBUG Dotnet.Utils.Filter.ModelStateValidationFilter [(null)] - Method: 'Void OnActionExecuting(ActionExecutingContext)'. Line: ~61. ModelStateValidation OnActionExecuting finish...
2018-09-06 05:44:54,584 [77] INFO  WebOptimizer.AssetMiddleware [(null)] - Request started for '/css/bundle.css'
2018-09-06 05:44:54,585 [78] INFO  WebOptimizer.AssetMiddleware [(null)] - Request started for '/js/bundle.js'
2018-09-06 05:44:54,585 [77] INFO  WebOptimizer.AssetBuilder [(null)] - Responding from memory cache for '/css/bundle.css'
2018-09-06 05:44:54,586 [78] INFO  WebOptimizer.AssetBuilder [(null)] - Responding from memory cache for '/js/bundle.js'
2018-09-06 05:45:37,233 [88] DEBUG Dotnet.Utils.Filter.ModelStateValidationFilter [(null)] - Method: 'Void OnActionExecuting(ActionExecutingContext)'. Line: ~26. ModelStateValidation OnActionExecuting start...
2018-09-06 05:45:37,233 [88] DEBUG Dotnet.Utils.Filter.ModelStateValidationFilter [(null)] - Method: 'Void OnActionExecuting(ActionExecutingContext)'. Line: ~61. ModelStateValidation OnActionExecuting finish...
2018-09-06 05:45:37,558 [84] INFO  WebOptimizer.AssetMiddleware [(null)] - Request started for '/js/bundle.js'
2018-09-06 05:45:37,558 [88] INFO  WebOptimizer.AssetMiddleware [(null)] - Request started for '/css/bundle.css'
2018-09-06 05:45:37,560 [84] INFO  WebOptimizer.AssetBuilder [(null)] - Responding from memory cache for '/js/bundle.js'
2018-09-06 05:45:37,561 [88] INFO  WebOptimizer.AssetBuilder [(null)] - Responding from memory cache for '/css/bundle.css'
2018-09-06 05:46:41,516 [96] DEBUG Dotnet.Utils.Filter.ModelStateValidationFilter [(null)] - Method: 'Void OnActionExecuting(ActionExecutingContext)'. Line: ~26. ModelStateValidation OnActionExecuting start...
2018-09-06 05:46:41,517 [96] DEBUG Dotnet.Utils.Filter.ModelStateValidationFilter [(null)] - Method: 'Void OnActionExecuting(ActionExecutingContext)'. Line: ~61. ModelStateValidation OnActionExecuting finish...
2018-09-06 05:46:41,801 [96] INFO  WebOptimizer.AssetMiddleware [(null)] - Request started for '/css/bundle.css'
2018-09-06 05:46:41,801 [90] INFO  WebOptimizer.AssetMiddleware [(null)] - Request started for '/js/bundle.js'
2018-09-06 05:46:41,804 [96] INFO  WebOptimizer.AssetBuilder [(null)] - Responding from memory cache for '/css/bundle.css'
2018-09-06 05:46:41,807 [90] INFO  WebOptimizer.AssetBuilder [(null)] - Responding from memory cache for '/js/bundle.js'
2018-09-06 05:47:30,384 [101] DEBUG Dotnet.Utils.Filter.ModelStateValidationFilter [(null)] - Method: 'Void OnActionExecuting(ActionExecutingContext)'. Line: ~26. ModelStateValidation OnActionExecuting start...
2018-09-06 05:47:30,385 [101] DEBUG Dotnet.Utils.Filter.ModelStateValidationFilter [(null)] - Method: 'Void OnActionExecuting(ActionExecutingContext)'. Line: ~61. ModelStateValidation OnActionExecuting finish...
2018-09-06 05:47:30,669 [92] INFO  WebOptimizer.AssetMiddleware [(null)] - Request started for '/js/bundle.js'
2018-09-06 05:47:30,673 [101] INFO  WebOptimizer.AssetMiddleware [(null)] - Request started for '/css/bundle.css'
2018-09-06 05:47:30,675 [101] INFO  WebOptimizer.AssetBuilder [(null)] - Responding from memory cache for '/css/bundle.css'
2018-09-06 05:47:30,672 [92] INFO  WebOptimizer.AssetBuilder [(null)] - Responding from memory cache for '/js/bundle.js'
