2018-08-27 17:57:22,268 [1] FATAL Microsoft.AspNetCore.Hosting.Internal.WebHost [(null)] - Application startup exception
2018-08-27 18:00:15,390 [10] DEBUG Dotnet.Utils.Filter.ModelStateValidationFilter [(null)] - Method: 'Void OnActionExecuting(ActionExecutingContext)'. Line: ~26. ModelStateValidation OnActionExecuting start...
2018-08-27 18:00:15,414 [10] DEBUG Dotnet.Utils.Filter.ModelStateValidationFilter [(null)] - Method: 'Void OnActionExecuting(ActionExecutingContext)'. Line: ~61. ModelStateValidation OnActionExecuting finish...
2018-08-27 18:00:17,517 [10] ERROR Microsoft.AspNetCore.Diagnostics.DeveloperExceptionPageMiddleware [(null)] - An unhandled exception has occurred while executing the request.
2018-08-27 18:00:50,429 [7] DEBUG Dotnet.Utils.Filter.ModelStateValidationFilter [(null)] - Method: 'Void OnActionExecuting(ActionExecutingContext)'. Line: ~26. ModelStateValidation OnActionExecuting start...
2018-08-27 18:00:50,451 [7] DEBUG Dotnet.Utils.Filter.ModelStateValidationFilter [(null)] - Method: 'Void OnActionExecuting(ActionExecutingContext)'. Line: ~61. ModelStateValidation OnActionExecuting finish...
2018-08-27 18:00:50,597 [7] ERROR Microsoft.AspNetCore.Diagnostics.DeveloperExceptionPageMiddleware [(null)] - An unhandled exception has occurred while executing the request.
2018-08-27 18:01:12,961 [10] DEBUG Dotnet.Utils.Filter.ModelStateValidationFilter [(null)] - Method: 'Void OnActionExecuting(ActionExecutingContext)'. Line: ~26. ModelStateValidation OnActionExecuting start...
2018-08-27 18:01:12,984 [10] DEBUG Dotnet.Utils.Filter.ModelStateValidationFilter [(null)] - Method: 'Void OnActionExecuting(ActionExecutingContext)'. Line: ~61. ModelStateValidation OnActionExecuting finish...
2018-08-27 18:01:13,550 [10] INFO  WebOptimizer.AssetMiddleware [(null)] - Request started for '/js/frontendBundle.js'
2018-08-27 18:01:13,551 [9] INFO  WebOptimizer.AssetMiddleware [(null)] - Request started for '/css/frontendBundle.css'
2018-08-27 18:01:15,445 [7] INFO  WebOptimizer.AssetBuilder [(null)] - Generated output and responded to request for '/js/frontendBundle.js'
2018-08-27 18:01:15,445 [8] INFO  WebOptimizer.AssetBuilder [(null)] - Generated output and responded to request for '/css/frontendBundle.css'
2018-08-27 18:01:22,143 [7] DEBUG Dotnet.Utils.Filter.ModelStateValidationFilter [(null)] - Method: 'Void OnActionExecuting(ActionExecutingContext)'. Line: ~26. ModelStateValidation OnActionExecuting start...
2018-08-27 18:01:22,144 [7] DEBUG Dotnet.Utils.Filter.ModelStateValidationFilter [(null)] - Method: 'Void OnActionExecuting(ActionExecutingContext)'. Line: ~61. ModelStateValidation OnActionExecuting finish...
2018-08-27 18:01:22,695 [7] INFO  WebOptimizer.AssetMiddleware [(null)] - Request started for '/css/loginBundle.css'
2018-08-27 18:01:22,695 [10] INFO  WebOptimizer.AssetMiddleware [(null)] - Request started for '/js/loginBundle.js'
2018-08-27 18:01:22,911 [7] INFO  WebOptimizer.AssetBuilder [(null)] - Generated output and responded to request for '/css/loginBundle.css'
2018-08-27 18:01:23,037 [24] INFO  WebOptimizer.AssetBuilder [(null)] - Generated output and responded to request for '/js/loginBundle.js'
2018-08-27 18:01:26,218 [24] DEBUG Dotnet.Utils.Filter.ModelStateValidationFilter [(null)] - Method: 'Void OnActionExecuting(ActionExecutingContext)'. Line: ~26. ModelStateValidation OnActionExecuting start...
2018-08-27 18:01:26,280 [24] DEBUG Dotnet.Utils.Filter.ModelStateValidationFilter [(null)] - Method: 'Void OnActionExecuting(ActionExecutingContext)'. Line: ~61. ModelStateValidation OnActionExecuting finish...
2018-08-27 18:01:26,281 [24] DEBUG Dotnet.Controllers.Identity.AccountController [(null)] - Method: 'IActionResult Login(LoginModel)'. Line: ~35. login start....
2018-08-27 18:01:26,281 [24] DEBUG Dotnet.Controllers.Identity.AccountController [(null)] - Method: 'IActionResult Login(LoginModel)'. Line: ~36. name:user, password:123456
2018-08-27 18:01:28,552 [24] DEBUG Dotnet.Controllers.Identity.AccountController [(null)] - Method: 'IActionResult Login(LoginModel)'. Line: ~43. login finish....
2018-08-27 18:01:28,878 [23] DEBUG Dotnet.Utils.Filter.ModelStateValidationFilter [(null)] - Method: 'Void OnActionExecuting(ActionExecutingContext)'. Line: ~26. ModelStateValidation OnActionExecuting start...
2018-08-27 18:01:28,878 [23] DEBUG Dotnet.Utils.Filter.ModelStateValidationFilter [(null)] - Method: 'Void OnActionExecuting(ActionExecutingContext)'. Line: ~61. ModelStateValidation OnActionExecuting finish...
2018-08-27 18:01:29,317 [23] ERROR Microsoft.AspNetCore.Diagnostics.DeveloperExceptionPageMiddleware [(null)] - An unhandled exception has occurred while executing the request.
2018-08-27 18:02:11,695 [9] DEBUG Dotnet.Utils.Filter.ModelStateValidationFilter [(null)] - Method: 'Void OnActionExecuting(ActionExecutingContext)'. Line: ~26. ModelStateValidation OnActionExecuting start...
2018-08-27 18:02:11,718 [9] DEBUG Dotnet.Utils.Filter.ModelStateValidationFilter [(null)] - Method: 'Void OnActionExecuting(ActionExecutingContext)'. Line: ~61. ModelStateValidation OnActionExecuting finish...
2018-08-27 18:02:12,870 [13] INFO  WebOptimizer.AssetMiddleware [(null)] - Request started for '/css/backendBundle.css'
2018-08-27 18:02:12,870 [9] INFO  WebOptimizer.AssetMiddleware [(null)] - Request started for '/js/backendBundle.js'
2018-08-27 18:02:13,238 [8] INFO  WebOptimizer.AssetBuilder [(null)] - Generated output and responded to request for '/css/backendBundle.css'
2018-08-27 18:02:13,721 [7] INFO  WebOptimizer.AssetBuilder [(null)] - Generated output and responded to request for '/js/backendBundle.js'
